<?xml version="1.0" encoding="UTF-8" ?>
<testsuites name="vitest tests" tests="633" failures="0" errors="0" time="38.1283204">
    <testsuite name="src/tests/test-UI/auth/LoginView.UI.spec.js" timestamp="2026-06-10T07:30:49.847Z" hostname="GhizlaneRB" tests="5" failures="0" errors="0" skipped="0" time="0.2541898">
        <testcase classname="src/tests/test-UI/auth/LoginView.UI.spec.js" name="Tests UI et logique - Page de connexion &gt; doit respecter la conformité visuelle et structurelle" time="0.1389648">
        </testcase>
        <testcase classname="src/tests/test-UI/auth/LoginView.UI.spec.js" name="Tests UI et logique - Page de connexion &gt; doit basculer la visibilité du mot de passe" time="0.0340071">
        </testcase>
        <testcase classname="src/tests/test-UI/auth/LoginView.UI.spec.js" name="Tests UI et logique - Page de connexion &gt; doit afficher l&apos;indicateur d&apos;erreur rouge si les champs sont vides" time="0.0237">
        </testcase>
        <testcase classname="src/tests/test-UI/auth/LoginView.UI.spec.js" name="Tests UI et logique - Page de connexion &gt; doit désactiver le bouton et changer le texte lors de clics rapides" time="0.0323354">
        </testcase>
        <testcase classname="src/tests/test-UI/auth/LoginView.UI.spec.js" name="Tests UI et logique - Page de connexion &gt; doit naviguer vers la demande d&apos;accès via le lien dédié" time="0.0194415">
        </testcase>
    </testsuite>
    <testsuite name="src/tests/test-UI/auth/NotAuthorized.UI.spec.js" timestamp="2026-06-10T07:30:49.858Z" hostname="GhizlaneRB" tests="6" failures="0" errors="0" skipped="0" time="0.1994967">
        <testcase classname="src/tests/test-UI/auth/NotAuthorized.UI.spec.js" name="NotAuthorized - Test UI &gt; devrait respecter la structure de mise en page" time="0.1336576">
        </testcase>
        <testcase classname="src/tests/test-UI/auth/NotAuthorized.UI.spec.js" name="NotAuthorized - Test UI &gt; devrait afficher le badge &quot;Erreur 403&quot; avec les styles de danger" time="0.0142788">
        </testcase>
        <testcase classname="src/tests/test-UI/auth/NotAuthorized.UI.spec.js" name="NotAuthorized - Test UI &gt; devrait avoir un titre H1 avec le style de police fluide (clamp)" time="0.0151262">
        </testcase>
        <testcase classname="src/tests/test-UI/auth/NotAuthorized.UI.spec.js" name="NotAuthorized - Test UI &gt; devrait appliquer les classes de boutons primaires et secondaires" time="0.0132826">
        </testcase>
        <testcase classname="src/tests/test-UI/auth/NotAuthorized.UI.spec.js" name="NotAuthorized - Test UI &gt; devrait avoir une section de message avec une largeur maximale définie" time="0.0095941">
        </testcase>
        <testcase classname="src/tests/test-UI/auth/NotAuthorized.UI.spec.js" name="NotAuthorized - Test UI &gt; devrait vérifier que le conteneur d&apos;actions utilise une mise en page flexible" time="0.0080553">
        </testcase>
    </testsuite>
    <testsuite name="src/tests/test-UI/auth/RequestAccess.UI.spec.js" timestamp="2026-06-10T07:30:49.863Z" hostname="GhizlaneRB" tests="4" failures="0" errors="0" skipped="0" time="0.3273571">
        <testcase classname="src/tests/test-UI/auth/RequestAccess.UI.spec.js" name="Tests Unitaires - Page Demande d&apos;accès &gt; doit afficher une erreur si un champ obligatoire est vide" time="0.1759656">
            <system-err>
[Vue warn]: injection &quot;Symbol(router)&quot; not found. 
  at &lt;RequestAccessView ref=&quot;VTU_COMPONENT&quot; &gt; 
  at &lt;VTUROOT&gt;

            </system-err>
        </testcase>
        <testcase classname="src/tests/test-UI/auth/RequestAccess.UI.spec.js" name="Tests Unitaires - Page Demande d&apos;accès &gt; doit valider que les mots de passe ne correspondent pas" time="0.0543699">
            <system-err>
[Vue warn]: injection &quot;Symbol(router)&quot; not found. 
  at &lt;RequestAccessView ref=&quot;VTU_COMPONENT&quot; &gt; 
  at &lt;VTUROOT&gt;

            </system-err>
        </testcase>
        <testcase classname="src/tests/test-UI/auth/RequestAccess.UI.spec.js" name="Tests Unitaires - Page Demande d&apos;accès &gt; doit basculer la visibilité du mot de passe" time="0.0218029">
            <system-err>
[Vue warn]: injection &quot;Symbol(router)&quot; not found. 
  at &lt;RequestAccessView ref=&quot;VTU_COMPONENT&quot; &gt; 
  at &lt;VTUROOT&gt;

            </system-err>
        </testcase>
        <testcase classname="src/tests/test-UI/auth/RequestAccess.UI.spec.js" name="Tests Unitaires - Page Demande d&apos;accès &gt; doit afficher un message de succès après une soumission valide" time="0.0691753">
            <system-err>
[Vue warn]: injection &quot;Symbol(router)&quot; not found. 
  at &lt;RequestAccessView ref=&quot;VTU_COMPONENT&quot; &gt; 
  at &lt;VTUROOT&gt;

            </system-err>
        </testcase>
    </testsuite>
    <testsuite name="src/tests/test-UI/auth/VerifyEmailView.UI.spec.js" timestamp="2026-06-10T07:30:49.868Z" hostname="GhizlaneRB" tests="3" failures="0" errors="0" skipped="0" time="0.1679969">
        <testcase classname="src/tests/test-UI/auth/VerifyEmailView.UI.spec.js" name="VerifyEmail - Tests UI &gt; devrait afficher le spinner pendant le chargement" time="0.1327855">
        </testcase>
        <testcase classname="src/tests/test-UI/auth/VerifyEmailView.UI.spec.js" name="VerifyEmail - Tests UI &gt; devrait appliquer la classe de succès quand l&apos;email est vérifié" time="0.0151926">
        </testcase>
        <testcase classname="src/tests/test-UI/auth/VerifyEmailView.UI.spec.js" name="VerifyEmail - Tests UI &gt; devrait afficher le bouton de retour seulement après le chargement" time="0.0148417">
        </testcase>
    </testsuite>
    <testsuite name="src/tests/test-UI/layouts/dashboardLayout.UI.spec.js" timestamp="2026-06-10T07:30:49.871Z" hostname="GhizlaneRB" tests="2" failures="0" errors="0" skipped="0" time="0.2023332">
        <testcase classname="src/tests/test-UI/layouts/dashboardLayout.UI.spec.js" name="DashboardLayout - Test UI &gt; affiche correctement Topbar et Sidebar" time="0.154874">
        </testcase>
        <testcase classname="src/tests/test-UI/layouts/dashboardLayout.UI.spec.js" name="DashboardLayout - Test UI &gt; bascule l&apos;etat reduit de la Sidebar quand l&apos;evenement est emis" time="0.0413478">
        </testcase>
    </testsuite>
    <testsuite name="src/tests/test-UI/views/ForgotPasswordView.UI.spec.js" timestamp="2026-06-10T07:30:49.872Z" hostname="GhizlaneRB" tests="3" failures="0" errors="0" skipped="0" time="0.1961579">
        <testcase classname="src/tests/test-UI/views/ForgotPasswordView.UI.spec.js" name="ForgotPassword.vue - Tests UI (Interface) &gt; doit afficher correctement les elements initiaux de la page" time="0.1347716">
        </testcase>
        <testcase classname="src/tests/test-UI/views/ForgotPasswordView.UI.spec.js" name="ForgotPassword.vue - Tests UI (Interface) &gt; doit lier le champ e-mail avec la variable reactive (v-model)" time="0.0275053">
        </testcase>
        <testcase classname="src/tests/test-UI/views/ForgotPasswordView.UI.spec.js" name="ForgotPassword.vue - Tests UI (Interface) &gt; doit desactiver le bouton et afficher &apos;Envoi...&apos; pendant la soumission" time="0.0277772">
        </testcase>
    </testsuite>
    <testsuite name="src/tests/test-UI/views/Notifications.UI.spec.js" timestamp="2026-06-10T07:30:49.874Z" hostname="GhizlaneRB" tests="2" failures="0" errors="0" skipped="0" time="0.23618">
        <testcase classname="src/tests/test-UI/views/Notifications.UI.spec.js" name="Validations.vue - Tests UI &gt; filtre les validations via la barre de recherche" time="0.2036501">
        </testcase>
        <testcase classname="src/tests/test-UI/views/Notifications.UI.spec.js" name="Validations.vue - Tests UI &gt; ouvre la modale de details lors du clic sur voir" time="0.0271935">
        </testcase>
    </testsuite>
    <testsuite name="src/tests/test-UI/views/ResetPasswordView.UI.spec.js" timestamp="2026-06-10T07:30:49.875Z" hostname="GhizlaneRB" tests="4" failures="0" errors="0" skipped="0" time="0.2544476">
        <testcase classname="src/tests/test-UI/views/ResetPasswordView.UI.spec.js" name="ResetPassword.vue - Tests UI (Interface) &gt; doit afficher les elements initiaux de la page lorsque le token est valide" time="0.1461531">
        </testcase>
        <testcase classname="src/tests/test-UI/views/ResetPasswordView.UI.spec.js" name="ResetPassword.vue - Tests UI (Interface) &gt; doit lier les inputs de mots de passe aux variables reactives (v-model)" time="0.0274201">
        </testcase>
        <testcase classname="src/tests/test-UI/views/ResetPasswordView.UI.spec.js" name="ResetPassword.vue - Tests UI (Interface) &gt; doit basculer le type de l&apos;input entre &apos;password&apos; et &apos;text&apos; lors du clic sur l&apos;icone de visibilite" time="0.0396164">
        </testcase>
        <testcase classname="src/tests/test-UI/views/ResetPasswordView.UI.spec.js" name="ResetPassword.vue - Tests UI (Interface) &gt; doit afficher l&apos;etat de chargement sur le bouton lors de la soumission" time="0.0353233">
        </testcase>
    </testsuite>
    <testsuite name="src/tests/test-UI/components/RolaDashboard.UI.spec.js" timestamp="2026-06-10T07:30:49.877Z" hostname="GhizlaneRB" tests="1" failures="0" errors="0" skipped="0" time="0.0094336">
        <testcase classname="src/tests/test-UI/components/RolaDashboard.UI.spec.js" name="RoleDashboard - Tests UI &gt; contient une suite de test valide" time="0.0049876">
        </testcase>
    </testsuite>
    <testsuite name="src/tests/test-smoke/auth/LoginView.smoke.spec.js" timestamp="2026-06-10T07:30:49.878Z" hostname="GhizlaneRB" tests="3" failures="0" errors="0" skipped="0" time="0.2276968">
        <testcase classname="src/tests/test-smoke/auth/LoginView.smoke.spec.js" name="Test de fumee - Page de connexion &gt; doit confirmer que les éléments essentiels du DOM sont présents" time="0.1510751">
        </testcase>
        <testcase classname="src/tests/test-smoke/auth/LoginView.smoke.spec.js" name="Test de fumee - Page de connexion &gt; doit vérifier la présence du lien de demande d&apos;accès" time="0.0150106">
        </testcase>
        <testcase classname="src/tests/test-smoke/auth/LoginView.smoke.spec.js" name="Test de fumee - Page de connexion &gt; doit vérifier que les messages d&apos;erreur ne sont pas visibles par défaut" time="0.0563878">
        </testcase>
    </testsuite>
    <testsuite name="src/tests/test-smoke/auth/NotAuthorized.smoke.spec.js" timestamp="2026-06-10T07:30:49.881Z" hostname="GhizlaneRB" tests="1" failures="0" errors="0" skipped="0" time="0.1238428">
        <testcase classname="src/tests/test-smoke/auth/NotAuthorized.smoke.spec.js" name="NotAuthorized - Test de fumee &gt; devrait monter le composant sans planter" time="0.1189334">
            <system-err>
[Vue warn]: injection &quot;Symbol(router)&quot; not found. 
  at &lt;NotAuthorized ref=&quot;VTU_COMPONENT&quot; &gt; 
  at &lt;VTUROOT&gt;

            </system-err>
        </testcase>
    </testsuite>
    <testsuite name="src/tests/test-smoke/auth/RequestAccess.smoke.spec.js" timestamp="2026-06-10T07:30:49.883Z" hostname="GhizlaneRB" tests="2" failures="0" errors="0" skipped="0" time="0.2324001">
        <testcase classname="src/tests/test-smoke/auth/RequestAccess.smoke.spec.js" name="Tests de fumee - Demande d&apos;acces &gt; doit afficher une erreur si les mots de passe ne correspondent pas" time="0.1859216">
            <system-err>
[Vue warn]: injection &quot;Symbol(router)&quot; not found. 
  at &lt;RequestAccessView ref=&quot;VTU_COMPONENT&quot; &gt; 
  at &lt;VTUROOT&gt;

            </system-err>
        </testcase>
        <testcase classname="src/tests/test-smoke/auth/RequestAccess.smoke.spec.js" name="Tests de fumee - Demande d&apos;acces &gt; doit changer le texte du bouton pendant l&apos;envoi" time="0.040167">
            <system-err>
[Vue warn]: injection &quot;Symbol(router)&quot; not found. 
  at &lt;RequestAccessView ref=&quot;VTU_COMPONENT&quot; &gt; 
  at &lt;VTUROOT&gt;

            </system-err>
        </testcase>
    </testsuite>
    <testsuite name="src/tests/test-smoke/auth/VerifyEmailView.smoke.spec.js" timestamp="2026-06-10T07:30:49.886Z" hostname="GhizlaneRB" tests="2" failures="0" errors="0" skipped="0" time="0.0871968">
        <testcase classname="src/tests/test-smoke/auth/VerifyEmailView.smoke.spec.js" name="VerifyEmail - Tests de fumee &gt; devrait monter le composant sans erreur" time="0.0644362">
        </testcase>
        <testcase classname="src/tests/test-smoke/auth/VerifyEmailView.smoke.spec.js" name="VerifyEmail - Tests de fumee &gt; devrait afficher le logo de l&apos;application" time="0.0190903">
        </testcase>
    </testsuite>
    <testsuite name="src/tests/test-smoke/components/Applogo.smoke.spec.js" timestamp="2026-06-10T07:30:49.888Z" hostname="GhizlaneRB" tests="1" failures="0" errors="0" skipped="0" time="0.1172334">
        <testcase classname="src/tests/test-smoke/components/Applogo.smoke.spec.js" name="AppLogo - Test de fumee &gt; se monte et rend le logo" time="0.1095837">
        </testcase>
    </testsuite>
    <testsuite name="src/tests/test-smoke/layouts/DashboardLayout.smoke.spec.js" timestamp="2026-06-10T07:30:49.889Z" hostname="GhizlaneRB" tests="1" failures="0" errors="0" skipped="0" time="0.039711">
        <testcase classname="src/tests/test-smoke/layouts/DashboardLayout.smoke.spec.js" name="DashboardLayout - Test de fumee &gt; monte le composant sans planter" time="0.0362564">
        </testcase>
    </testsuite>
    <testsuite name="src/tests/test-smoke/Views/LandingView.smoke.spec.js" timestamp="2026-06-10T07:30:49.890Z" hostname="GhizlaneRB" tests="3" failures="0" errors="0" skipped="0" time="0.4879937">
        <testcase classname="src/tests/test-smoke/Views/LandingView.smoke.spec.js" name="Test de fumee - Page d accueil &gt; doit monter le composant et afficher toutes les sections sans planter" time="0.3304103">
            <system-err>
[Vue warn]: Failed to resolve component: router-link
If this is a native custom element, make sure to exclude it from component resolution via compilerOptions.isCustomElement. 
  at &lt;Navbar&gt; 
  at &lt;LandingView ref=&quot;VTU_COMPONENT&quot; &gt; 
  at &lt;VTUROOT&gt;
[Vue warn]: Failed to resolve component: router-link
If this is a native custom element, make sure to exclude it from component resolution via compilerOptions.isCustomElement. 
  at &lt;HeroSection&gt; 
  at &lt;LandingView ref=&quot;VTU_COMPONENT&quot; &gt; 
  at &lt;VTUROOT&gt;
[Vue warn]: Failed to resolve component: router-link
If this is a native custom element, make sure to exclude it from component resolution via compilerOptions.isCustomElement. 
  at &lt;CtaSection&gt; 
  at &lt;LandingView ref=&quot;VTU_COMPONENT&quot; &gt; 
  at &lt;VTUROOT&gt;

            </system-err>
        </testcase>
        <testcase classname="src/tests/test-smoke/Views/LandingView.smoke.spec.js" name="Test de fumee - Page d accueil &gt; doit initialiser l IntersectionObserver après le montage" time="0.076578">
            <system-err>
[Vue warn]: Failed to resolve component: router-link
If this is a native custom element, make sure to exclude it from component resolution via compilerOptions.isCustomElement. 
  at &lt;Navbar&gt; 
  at &lt;LandingView ref=&quot;VTU_COMPONENT&quot; &gt; 
  at &lt;VTUROOT&gt;
[Vue warn]: Failed to resolve component: router-link
If this is a native custom element, make sure to exclude it from component resolution via compilerOptions.isCustomElement. 
  at &lt;HeroSection&gt; 
  at &lt;LandingView ref=&quot;VTU_COMPONENT&quot; &gt; 
  at &lt;VTUROOT&gt;
[Vue warn]: Failed to resolve component: router-link
If this is a native custom element, make sure to exclude it from component resolution via compilerOptions.isCustomElement. 
  at &lt;CtaSection&gt; 
  at &lt;LandingView ref=&quot;VTU_COMPONENT&quot; &gt; 
  at &lt;VTUROOT&gt;

            </system-err>
        </testcase>
        <testcase classname="src/tests/test-smoke/Views/LandingView.smoke.spec.js" name="Test de fumee - Page d accueil &gt; doit nettoyer l IntersectionObserver lors du demontage" time="0.0759086">
            <system-err>
[Vue warn]: Failed to resolve component: router-link
If this is a native custom element, make sure to exclude it from component resolution via compilerOptions.isCustomElement. 
  at &lt;Navbar&gt; 
  at &lt;LandingView ref=&quot;VTU_COMPONENT&quot; &gt; 
  at &lt;VTUROOT&gt;
[Vue warn]: Failed to resolve component: router-link
If this is a native custom element, make sure to exclude it from component resolution via compilerOptions.isCustomElement. 
  at &lt;HeroSection&gt; 
  at &lt;LandingView ref=&quot;VTU_COMPONENT&quot; &gt; 
  at &lt;VTUROOT&gt;
[Vue warn]: Failed to resolve component: router-link
If this is a native custom element, make sure to exclude it from component resolution via compilerOptions.isCustomElement. 
  at &lt;CtaSection&gt; 
  at &lt;LandingView ref=&quot;VTU_COMPONENT&quot; &gt; 
  at &lt;VTUROOT&gt;

            </system-err>
        </testcase>
    </testsuite>
    <testsuite name="src/tests/test-unitaire/auth/LoginView.unit.spec.js" timestamp="2026-06-10T07:30:49.894Z" hostname="GhizlaneRB" tests="8" failures="0" errors="0" skipped="0" time="0.5322898">
        <testcase classname="src/tests/test-unitaire/auth/LoginView.unit.spec.js" name="LoginPage.vue - Tests unitaires de la page de connexion &gt; doit afficher une erreur si les champs e-mail ou mot de passe sont vides" time="0.1273948">
        </testcase>
        <testcase classname="src/tests/test-unitaire/auth/LoginView.unit.spec.js" name="LoginPage.vue - Tests unitaires de la page de connexion &gt; doit changer le type de l&apos;input mot de passe lors du clic sur l&apos;icône" time="0.0234006">
        </testcase>
        <testcase classname="src/tests/test-unitaire/auth/LoginView.unit.spec.js" name="LoginPage.vue - Tests unitaires de la page de connexion &gt; doit désactiver le bouton et afficher &quot;Connexion...&quot; pendant le chargement" time="0.0735068">
        </testcase>
        <testcase classname="src/tests/test-unitaire/auth/LoginView.unit.spec.js" name="LoginPage.vue - Tests unitaires de la page de connexion &gt; doit rediriger l&apos;utilisateur vers la page de demande d&apos;accès" time="0.0683701">
        </testcase>
        <testcase classname="src/tests/test-unitaire/auth/LoginView.unit.spec.js" name="LoginPage.vue - Tests unitaires de la page de connexion &gt; doit afficher un message de succès après une connexion réussie" time="0.0433439">
        </testcase>
        <testcase classname="src/tests/test-unitaire/auth/LoginView.unit.spec.js" name="LoginPage.vue - Tests unitaires de la page de connexion &gt; doit afficher une erreur si la connexion échoue" time="0.0424412">
        </testcase>
        <testcase classname="src/tests/test-unitaire/auth/LoginView.unit.spec.js" name="LoginPage.vue - Tests unitaires de la page de connexion &gt; doit afficher une erreur si le profil utilisateur ne se charge pas" time="0.0781764">
        </testcase>
        <testcase classname="src/tests/test-unitaire/auth/LoginView.unit.spec.js" name="LoginPage.vue - Tests unitaires de la page de connexion &gt; doit rediriger selon le rôle utilisateur" time="0.0497203">
        </testcase>
    </testsuite>
    <testsuite name="src/tests/test-unitaire/auth/NotAuthorized.unit.spec.js" timestamp="2026-06-10T07:30:49.898Z" hostname="GhizlaneRB" tests="2" failures="0" errors="0" skipped="0" time="0.0830268">
        <testcase classname="src/tests/test-unitaire/auth/NotAuthorized.unit.spec.js" name="NotAuthorized - Tests Unitaires &gt; devrait calculer le chemin correct pour le role ADMINISTRATOR" time="0.067395">
            <system-err>
[Vue warn]: injection &quot;Symbol(router)&quot; not found. 
  at &lt;NotAuthorized ref=&quot;VTU_COMPONENT&quot; &gt; 
  at &lt;VTUROOT&gt;

            </system-err>
        </testcase>
        <testcase classname="src/tests/test-unitaire/auth/NotAuthorized.unit.spec.js" name="NotAuthorized - Tests Unitaires &gt; devrait retourner a la connexion si l&apos;utilisateur n&apos;est pas authentifie" time="0.0106579">
            <system-err>
[Vue warn]: injection &quot;Symbol(router)&quot; not found. 
  at &lt;NotAuthorized ref=&quot;VTU_COMPONENT&quot; &gt; 
  at &lt;VTUROOT&gt;

            </system-err>
        </testcase>
    </testsuite>
    <testsuite name="src/tests/test-unitaire/auth/RequestAccess.unit.spec.js" timestamp="2026-06-10T07:30:49.900Z" hostname="GhizlaneRB" tests="6" failures="0" errors="0" skipped="0" time="0.4034847">
        <testcase classname="src/tests/test-unitaire/auth/RequestAccess.unit.spec.js" name="Tests Unitaires - Page Demande d&apos;accès &gt; doit afficher une erreur si un champ obligatoire est vide" time="0.1557226">
            <system-err>
[Vue warn]: injection &quot;Symbol(router)&quot; not found. 
  at &lt;RequestAccessView ref=&quot;VTU_COMPONENT&quot; &gt; 
  at &lt;VTUROOT&gt;

            </system-err>
        </testcase>
        <testcase classname="src/tests/test-unitaire/auth/RequestAccess.unit.spec.js" name="Tests Unitaires - Page Demande d&apos;accès &gt; doit valider que les mots de passe ne correspondent pas" time="0.0790306">
            <system-err>
[Vue warn]: injection &quot;Symbol(router)&quot; not found. 
  at &lt;RequestAccessView ref=&quot;VTU_COMPONENT&quot; &gt; 
  at &lt;VTUROOT&gt;

            </system-err>
        </testcase>
        <testcase classname="src/tests/test-unitaire/auth/RequestAccess.unit.spec.js" name="Tests Unitaires - Page Demande d&apos;accès &gt; doit afficher un message de succès après une soumission valide" time="0.0385264">
            <system-err>
[Vue warn]: injection &quot;Symbol(router)&quot; not found. 
  at &lt;RequestAccessView ref=&quot;VTU_COMPONENT&quot; &gt; 
  at &lt;VTUROOT&gt;

            </system-err>
        </testcase>
        <testcase classname="src/tests/test-unitaire/auth/RequestAccess.unit.spec.js" name="Tests Unitaires - Page Demande d&apos;accès &gt; doit afficher une erreur si l&apos;API refuse la demande" time="0.036149">
            <system-err>
[Vue warn]: injection &quot;Symbol(router)&quot; not found. 
  at &lt;RequestAccessView ref=&quot;VTU_COMPONENT&quot; &gt; 
  at &lt;VTUROOT&gt;

            </system-err>
        </testcase>
        <testcase classname="src/tests/test-unitaire/auth/RequestAccess.unit.spec.js" name="Tests Unitaires - Page Demande d&apos;accès &gt; doit afficher la première erreur de validation retournée par l&apos;API" time="0.0363852">
            <system-err>
[Vue warn]: injection &quot;Symbol(router)&quot; not found. 
  at &lt;RequestAccessView ref=&quot;VTU_COMPONENT&quot; &gt; 
  at &lt;VTUROOT&gt;

            </system-err>
        </testcase>
        <testcase classname="src/tests/test-unitaire/auth/RequestAccess.unit.spec.js" name="Tests Unitaires - Page Demande d&apos;accès &gt; doit désactiver le bouton pendant l&apos;envoi" time="0.0512927">
            <system-err>
[Vue warn]: injection &quot;Symbol(router)&quot; not found. 
  at &lt;RequestAccessView ref=&quot;VTU_COMPONENT&quot; &gt; 
  at &lt;VTUROOT&gt;

            </system-err>
        </testcase>
    </testsuite>
    <testsuite name="src/tests/test-unitaire/auth/VerifyEmailView.unit.spec.js" timestamp="2026-06-10T07:30:49.904Z" hostname="GhizlaneRB" tests="2" failures="0" errors="0" skipped="0" time="0.1299588">
        <testcase classname="src/tests/test-unitaire/auth/VerifyEmailView.unit.spec.js" name="VerifyEmail - Tests Unitaires &gt; devrait afficher une erreur si le token est manquant" time="0.1079448">
            <system-err>
[Vue warn]: injection &quot;Symbol(router)&quot; not found. 
  at &lt;VerifyEmailView ref=&quot;VTU_COMPONENT&quot; &gt; 
  at &lt;VTUROOT&gt;

            </system-err>
        </testcase>
        <testcase classname="src/tests/test-unitaire/auth/VerifyEmailView.unit.spec.js" name="VerifyEmail - Tests Unitaires &gt; devrait afficher le message d&apos;erreur quand la vérification échoue" time="0.0163543">
            <system-err>
[Vue warn]: injection &quot;Symbol(router)&quot; not found. 
  at &lt;VerifyEmailView ref=&quot;VTU_COMPONENT&quot; &gt; 
  at &lt;VTUROOT&gt;

            </system-err>
        </testcase>
    </testsuite>
    <testsuite name="src/tests/test-unitaire/views/ForgotPasswordView.unit.spec.js" timestamp="2026-06-10T07:30:49.907Z" hostname="GhizlaneRB" tests="4" failures="0" errors="0" skipped="0" time="0.2270356">
        <testcase classname="src/tests/test-unitaire/views/ForgotPasswordView.unit.spec.js" name="ForgotPassword.vue - Tests Unitaires (Logique) &gt; doit rediriger vers la page de connexion lors du clic sur &apos;Retour à la connexion&apos;" time="0.1323464">
        </testcase>
        <testcase classname="src/tests/test-unitaire/views/ForgotPasswordView.unit.spec.js" name="ForgotPassword.vue - Tests Unitaires (Logique) &gt; doit bloquer la soumission et afficher un message d&apos;erreur si l&apos;e-mail est vide" time="0.0440223">
        </testcase>
        <testcase classname="src/tests/test-unitaire/views/ForgotPasswordView.unit.spec.js" name="ForgotPassword.vue - Tests Unitaires (Logique) &gt; doit afficher un message de succès suite à une réponse API positive" time="0.0259807">
        </testcase>
        <testcase classname="src/tests/test-unitaire/views/ForgotPasswordView.unit.spec.js" name="ForgotPassword.vue - Tests Unitaires (Logique) &gt; doit traiter et afficher l&apos;erreur renvoyée par le serveur en cas d&apos;échec" time="0.0190228">
        </testcase>
    </testsuite>
    <testsuite name="src/tests/test-unitaire/views/ResetPasswordView.unit.spec.js" timestamp="2026-06-10T07:30:49.909Z" hostname="GhizlaneRB" tests="4" failures="0" errors="0" skipped="0" time="0.2653006">
        <testcase classname="src/tests/test-unitaire/views/ResetPasswordView.unit.spec.js" name="ResetPassword.vue - Tests Unitaires (Logique) &gt; doit afficher une erreur et bloquer le formulaire si le token est manquant dans l&apos;URL" time="0.1280927">
        </testcase>
        <testcase classname="src/tests/test-unitaire/views/ResetPasswordView.unit.spec.js" name="ResetPassword.vue - Tests Unitaires (Logique) &gt; doit afficher une erreur si les deux mots de passe ne correspondent pas" time="0.0510244">
        </testcase>
        <testcase classname="src/tests/test-unitaire/views/ResetPasswordView.unit.spec.js" name="ResetPassword.vue - Tests Unitaires (Logique) &gt; doit appeler l&apos;API et rediriger vers la connexion avec un parametre de requete en cas de succes" time="0.03131">
        </testcase>
        <testcase classname="src/tests/test-unitaire/views/ResetPasswordView.unit.spec.js" name="ResetPassword.vue - Tests Unitaires (Logique) &gt; doit recuperer et afficher l&apos;erreur retournee par l&apos;API en cas d&apos;echec de la reinitialisation" time="0.0488259">
        </testcase>
    </testsuite>
    <testsuite name="src/tests/test-UI/views/student/Activities.UI.spec.js" timestamp="2026-06-10T07:30:49.911Z" hostname="GhizlaneRB" tests="5" failures="0" errors="0" skipped="0" time="0.3709231">
        <testcase classname="src/tests/test-UI/views/student/Activities.UI.spec.js" name="StudentActivities - UI &gt; affiche le titre et le bouton ajouter" time="0.2035688">
        </testcase>
        <testcase classname="src/tests/test-UI/views/student/Activities.UI.spec.js" name="StudentActivities - UI &gt; affiche les filtres" time="0.0940648">
        </testcase>
        <testcase classname="src/tests/test-UI/views/student/Activities.UI.spec.js" name="StudentActivities - UI &gt; affiche les activités récupérées" time="0.0231598">
        </testcase>
        <testcase classname="src/tests/test-UI/views/student/Activities.UI.spec.js" name="StudentActivities - UI &gt; affiche le message vide si aucune activité" time="0.0165227">
        </testcase>
        <testcase classname="src/tests/test-UI/views/student/Activities.UI.spec.js" name="StudentActivities - UI &gt; navigue vers la création d&apos;une activité" time="0.0280801">
        </testcase>
    </testsuite>
    <testsuite name="src/tests/test-UI/views/student/ActivityCreate.UI.spec.js" timestamp="2026-06-10T07:30:49.913Z" hostname="GhizlaneRB" tests="3" failures="0" errors="0" skipped="0" time="0.1843177">
        <testcase classname="src/tests/test-UI/views/student/ActivityCreate.UI.spec.js" name="ActivityCreatePage - UI &gt; affiche le titre et la description" time="0.1239928">
        </testcase>
        <testcase classname="src/tests/test-UI/views/student/ActivityCreate.UI.spec.js" name="ActivityCreatePage - UI &gt; affiche le formulaire avec le bon label" time="0.032887">
        </testcase>
        <testcase classname="src/tests/test-UI/views/student/ActivityCreate.UI.spec.js" name="ActivityCreatePage - UI &gt; retourne vers la liste des activités" time="0.0216987">
        </testcase>
    </testsuite>
    <testsuite name="src/tests/test-UI/views/student/ActivityDetails.UI.spec.js" timestamp="2026-06-10T07:30:49.916Z" hostname="GhizlaneRB" tests="6" failures="0" errors="0" skipped="0" time="0.3486915">
        <testcase classname="src/tests/test-UI/views/student/ActivityDetails.UI.spec.js" name="ActivityDetailsPage - UI &gt; affiche les informations principales" time="0.161014">
        </testcase>
        <testcase classname="src/tests/test-UI/views/student/ActivityDetails.UI.spec.js" name="ActivityDetailsPage - UI &gt; affiche les sections importantes" time="0.0268542">
        </testcase>
        <testcase classname="src/tests/test-UI/views/student/ActivityDetails.UI.spec.js" name="ActivityDetailsPage - UI &gt; affiche les boutons importants" time="0.0234047">
        </testcase>
        <testcase classname="src/tests/test-UI/views/student/ActivityDetails.UI.spec.js" name="ActivityDetailsPage - UI &gt; affiche l&apos;attestation si elle existe" time="0.0326638">
        </testcase>
        <testcase classname="src/tests/test-UI/views/student/ActivityDetails.UI.spec.js" name="ActivityDetailsPage - UI &gt; affiche message si aucune attestation" time="0.0373578">
        </testcase>
        <testcase classname="src/tests/test-UI/views/student/ActivityDetails.UI.spec.js" name="ActivityDetailsPage - UI &gt; retourne vers la liste des activités" time="0.0610862">
        </testcase>
    </testsuite>
    <testsuite name="src/tests/test-UI/views/student/ActivityEdit.UI.spec.js" timestamp="2026-06-10T07:30:49.919Z" hostname="GhizlaneRB" tests="6" failures="0" errors="0" skipped="0" time="0.3180723">
        <testcase classname="src/tests/test-UI/views/student/ActivityEdit.UI.spec.js" name="EditActivity UI Tests &gt; displays page title" time="0.1995398">
        </testcase>
        <testcase classname="src/tests/test-UI/views/student/ActivityEdit.UI.spec.js" name="EditActivity UI Tests &gt; displays return button" time="0.0347695">
        </testcase>
        <testcase classname="src/tests/test-UI/views/student/ActivityEdit.UI.spec.js" name="EditActivity UI Tests &gt; displays page header" time="0.0152721">
        </testcase>
        <testcase classname="src/tests/test-UI/views/student/ActivityEdit.UI.spec.js" name="EditActivity UI Tests &gt; has correct css class on return button" time="0.0148849">
        </testcase>
        <testcase classname="src/tests/test-UI/views/student/ActivityEdit.UI.spec.js" name="EditActivity UI Tests &gt; shows loading state" time="0.0191516">
        </testcase>
        <testcase classname="src/tests/test-UI/views/student/ActivityEdit.UI.spec.js" name="EditActivity UI Tests &gt; shows error message" time="0.0263096">
        </testcase>
    </testsuite>
    <testsuite name="src/tests/test-UI/views/student/Badges.UI.spec.js" timestamp="2026-06-10T07:30:49.921Z" hostname="GhizlaneRB" tests="7" failures="0" errors="0" skipped="0" time="0.3551545">
        <testcase classname="src/tests/test-UI/views/student/Badges.UI.spec.js" name="MesBadges UI Tests &gt; displays page title" time="0.1095309">
        </testcase>
        <testcase classname="src/tests/test-UI/views/student/Badges.UI.spec.js" name="MesBadges UI Tests &gt; displays filters section" time="0.1684577">
        </testcase>
        <testcase classname="src/tests/test-UI/views/student/Badges.UI.spec.js" name="MesBadges UI Tests &gt; displays page header" time="0.0172956">
        </testcase>
        <testcase classname="src/tests/test-UI/views/student/Badges.UI.spec.js" name="MesBadges UI Tests &gt; displays badges summary" time="0.0143927">
        </testcase>
        <testcase classname="src/tests/test-UI/views/student/Badges.UI.spec.js" name="MesBadges UI Tests &gt; contains filter buttons" time="0.0123011">
        </testcase>
        <testcase classname="src/tests/test-UI/views/student/Badges.UI.spec.js" name="MesBadges UI Tests &gt; shows loading state" time="0.0135122">
        </testcase>
        <testcase classname="src/tests/test-UI/views/student/Badges.UI.spec.js" name="MesBadges UI Tests &gt; has badges grid container" time="0.0127756">
        </testcase>
    </testsuite>
    <testsuite name="src/tests/test-UI/views/student/comperances.UI.spec.js" timestamp="2026-06-10T07:30:49.925Z" hostname="GhizlaneRB" tests="8" failures="0" errors="0" skipped="0" time="0.2986749">
        <testcase classname="src/tests/test-UI/views/student/comperances.UI.spec.js" name="MesCompetences UI Tests &gt; displays page title" time="0.1412708">
        </testcase>
        <testcase classname="src/tests/test-UI/views/student/comperances.UI.spec.js" name="MesCompetences UI Tests &gt; displays page header" time="0.048239">
        </testcase>
        <testcase classname="src/tests/test-UI/views/student/comperances.UI.spec.js" name="MesCompetences UI Tests &gt; displays technical skills section" time="0.020318">
        </testcase>
        <testcase classname="src/tests/test-UI/views/student/comperances.UI.spec.js" name="MesCompetences UI Tests &gt; displays soft skills section" time="0.0194531">
        </testcase>
        <testcase classname="src/tests/test-UI/views/student/comperances.UI.spec.js" name="MesCompetences UI Tests &gt; displays radar section" time="0.0183084">
        </testcase>
        <testcase classname="src/tests/test-UI/views/student/comperances.UI.spec.js" name="MesCompetences UI Tests &gt; displays suggestions section" time="0.0154795">
        </testcase>
        <testcase classname="src/tests/test-UI/views/student/comperances.UI.spec.js" name="MesCompetences UI Tests &gt; shows loading message" time="0.0163373">
        </testcase>
        <testcase classname="src/tests/test-UI/views/student/comperances.UI.spec.js" name="MesCompetences UI Tests &gt; shows error message" time="0.012991">
        </testcase>
    </testsuite>
    <testsuite name="src/tests/test-UI/views/student/Dashboard.UI.spec.js" timestamp="2026-06-10T07:30:49.928Z" hostname="GhizlaneRB" tests="8" failures="0" errors="0" skipped="0" time="0.4422941">
        <testcase classname="src/tests/test-UI/views/student/Dashboard.UI.spec.js" name="Dashboard UI Tests &gt; renders component" time="0.205548">
        </testcase>
        <testcase classname="src/tests/test-UI/views/student/Dashboard.UI.spec.js" name="Dashboard UI Tests &gt; contains dashboard header" time="0.0615936">
        </testcase>
        <testcase classname="src/tests/test-UI/views/student/Dashboard.UI.spec.js" name="Dashboard UI Tests &gt; contains statistics section" time="0.0355016">
        </testcase>
        <testcase classname="src/tests/test-UI/views/student/Dashboard.UI.spec.js" name="Dashboard UI Tests &gt; contains projects section" time="0.0259326">
        </testcase>
        <testcase classname="src/tests/test-UI/views/student/Dashboard.UI.spec.js" name="Dashboard UI Tests &gt; contains badges section" time="0.0146286">
        </testcase>
        <testcase classname="src/tests/test-UI/views/student/Dashboard.UI.spec.js" name="Dashboard UI Tests &gt; contains credibility section" time="0.0192152">
        </testcase>
        <testcase classname="src/tests/test-UI/views/student/Dashboard.UI.spec.js" name="Dashboard UI Tests &gt; contains notifications section" time="0.0565291">
        </testcase>
        <testcase classname="src/tests/test-UI/views/student/Dashboard.UI.spec.js" name="Dashboard UI Tests &gt; shows loading message" time="0.0169022">
        </testcase>
    </testsuite>
    <testsuite name="src/tests/test-UI/views/student/Github.UI.spec.js" timestamp="2026-06-10T07:30:49.932Z" hostname="GhizlaneRB" tests="10" failures="0" errors="0" skipped="0" time="0.3026385">
        <testcase classname="src/tests/test-UI/views/student/Github.UI.spec.js" name="Github UI Tests &gt; renders component" time="0.1307639">
        </testcase>
        <testcase classname="src/tests/test-UI/views/student/Github.UI.spec.js" name="Github UI Tests &gt; displays page title" time="0.0291663">
        </testcase>
        <testcase classname="src/tests/test-UI/views/student/Github.UI.spec.js" name="Github UI Tests &gt; displays github header" time="0.0426654">
        </testcase>
        <testcase classname="src/tests/test-UI/views/student/Github.UI.spec.js" name="Github UI Tests &gt; shows loading message" time="0.0146248">
        </testcase>
        <testcase classname="src/tests/test-UI/views/student/Github.UI.spec.js" name="Github UI Tests &gt; shows github connect section" time="0.0139748">
        </testcase>
        <testcase classname="src/tests/test-UI/views/student/Github.UI.spec.js" name="Github UI Tests &gt; shows connect button" time="0.0128995">
        </testcase>
        <testcase classname="src/tests/test-UI/views/student/Github.UI.spec.js" name="Github UI Tests &gt; shows benefits section" time="0.0131784">
        </testcase>
        <testcase classname="src/tests/test-UI/views/student/Github.UI.spec.js" name="Github UI Tests &gt; shows import projects benefit" time="0.0129925">
        </testcase>
        <testcase classname="src/tests/test-UI/views/student/Github.UI.spec.js" name="Github UI Tests &gt; shows contributions benefit" time="0.0139754">
        </testcase>
        <testcase classname="src/tests/test-UI/views/student/Github.UI.spec.js" name="Github UI Tests &gt; shows error message" time="0.0124075">
        </testcase>
    </testsuite>
    <testsuite name="src/tests/test-UI/views/student/Profile.UI.spec.js" timestamp="2026-06-10T07:30:49.935Z" hostname="GhizlaneRB" tests="9" failures="0" errors="0" skipped="0" time="0.2852916">
        <testcase classname="src/tests/test-UI/views/student/Profile.UI.spec.js" name="Profile UI Tests &gt; renders component" time="0.1436616">
        </testcase>
        <testcase classname="src/tests/test-UI/views/student/Profile.UI.spec.js" name="Profile UI Tests &gt; shows loading message" time="0.0297583">
        </testcase>
        <testcase classname="src/tests/test-UI/views/student/Profile.UI.spec.js" name="Profile UI Tests &gt; shows error message" time="0.0174778">
        </testcase>
        <testcase classname="src/tests/test-UI/views/student/Profile.UI.spec.js" name="Profile UI Tests &gt; shows success message" time="0.0157655">
        </testcase>
        <testcase classname="src/tests/test-UI/views/student/Profile.UI.spec.js" name="Profile UI Tests &gt; contains personal information section" time="0.0195237">
        </testcase>
        <testcase classname="src/tests/test-UI/views/student/Profile.UI.spec.js" name="Profile UI Tests &gt; contains career goal section" time="0.014012">
        </testcase>
        <testcase classname="src/tests/test-UI/views/student/Profile.UI.spec.js" name="Profile UI Tests &gt; contains soft skills section" time="0.011603">
        </testcase>
        <testcase classname="src/tests/test-UI/views/student/Profile.UI.spec.js" name="Profile UI Tests &gt; contains academic path section" time="0.0111708">
        </testcase>
        <testcase classname="src/tests/test-UI/views/student/Profile.UI.spec.js" name="Profile UI Tests &gt; contains add button" time="0.0154984">
        </testcase>
    </testsuite>
    <testsuite name="src/tests/test-UI/views/student/Settings.UI.spec.js" timestamp="2026-06-10T07:30:49.938Z" hostname="GhizlaneRB" tests="1" failures="0" errors="0" skipped="0" time="0.1258362">
        <testcase classname="src/tests/test-UI/views/student/Settings.UI.spec.js" name="Settings UI Test &gt; displays all main sections" time="0.1207912">
        </testcase>
    </testsuite>
    <testsuite name="src/tests/test-UI/views/admin/Badges.UI.spec.js" timestamp="2026-06-10T07:30:49.939Z" hostname="GhizlaneRB" tests="3" failures="0" errors="0" skipped="0" time="0.4066611">
        <testcase classname="src/tests/test-UI/views/admin/Badges.UI.spec.js" name="Badges - Tests UI &gt; affiche les badges" time="0.2153817">
        </testcase>
        <testcase classname="src/tests/test-UI/views/admin/Badges.UI.spec.js" name="Badges - Tests UI &gt; envoie la creation d&apos;un nouveau badge" time="0.1508715">
        </testcase>
        <testcase classname="src/tests/test-UI/views/admin/Badges.UI.spec.js" name="Badges - Tests UI &gt; envoie la modification d&apos;un badge" time="0.0346249">
        </testcase>
    </testsuite>
    <testsuite name="src/tests/test-UI/views/admin/Dashboard.UI.spec.js" timestamp="2026-06-10T07:30:49.940Z" hostname="GhizlaneRB" tests="3" failures="0" errors="0" skipped="0" time="0.3168348">
        <testcase classname="src/tests/test-UI/views/admin/Dashboard.UI.spec.js" name="Dashboard - Tests UI &gt; affiche les demandes recentes" time="0.2234567">
        </testcase>
        <testcase classname="src/tests/test-UI/views/admin/Dashboard.UI.spec.js" name="Dashboard - Tests UI &gt; affiche les actions urgentes" time="0.0293043">
        </testcase>
        <testcase classname="src/tests/test-UI/views/admin/Dashboard.UI.spec.js" name="Dashboard - Tests UI &gt; affiche le bouton consulter" time="0.0580803">
        </testcase>
    </testsuite>
    <testsuite name="src/tests/test-UI/views/admin/Reports.UI.spec.js" timestamp="2026-06-10T07:30:49.941Z" hostname="GhizlaneRB" tests="4" failures="0" errors="0" skipped="0" time="0.4053983">
        <testcase classname="src/tests/test-UI/views/admin/Reports.UI.spec.js" name="Reports - Tests UI &gt; affiche les signalements" time="0.2059867">
        </testcase>
        <testcase classname="src/tests/test-UI/views/admin/Reports.UI.spec.js" name="Reports - Tests UI &gt; affiche les statistiques et la table" time="0.079905">
        </testcase>
        <testcase classname="src/tests/test-UI/views/admin/Reports.UI.spec.js" name="Reports - Tests UI &gt; filtre les signalements par recherche" time="0.0443748">
        </testcase>
        <testcase classname="src/tests/test-UI/views/admin/Reports.UI.spec.js" name="Reports - Tests UI &gt; charge les signalements avec le service mocke" time="0.0521768">
        </testcase>
    </testsuite>
    <testsuite name="src/tests/test-UI/views/admin/UserCreate.UI.spec.js" timestamp="2026-06-10T07:30:49.943Z" hostname="GhizlaneRB" tests="5" failures="0" errors="0" skipped="0" time="0.3116286">
        <testcase classname="src/tests/test-UI/views/admin/UserCreate.UI.spec.js" name="UserCreate - Tests UI &gt; affiche le formulaire" time="0.1888882">
        </testcase>
        <testcase classname="src/tests/test-UI/views/admin/UserCreate.UI.spec.js" name="UserCreate - Tests UI &gt; affiche le bouton créer utilisateur" time="0.0179616">
        </testcase>
        <testcase classname="src/tests/test-UI/views/admin/UserCreate.UI.spec.js" name="UserCreate - Tests UI &gt; remplit les champs du formulaire" time="0.046297">
        </testcase>
        <testcase classname="src/tests/test-UI/views/admin/UserCreate.UI.spec.js" name="UserCreate - Tests UI &gt; affiche les champs recruteur" time="0.0309552">
        </testcase>
        <testcase classname="src/tests/test-UI/views/admin/UserCreate.UI.spec.js" name="UserCreate - Tests UI &gt; affiche les champs administrateur" time="0.0212532">
        </testcase>
    </testsuite>
    <testsuite name="src/tests/test-UI/views/admin/UserDetails.UI.spec.js" timestamp="2026-06-10T07:30:49.945Z" hostname="GhizlaneRB" tests="4" failures="0" errors="0" skipped="0" time="0.4246529">
        <testcase classname="src/tests/test-UI/views/admin/UserDetails.UI.spec.js" name="AdminUserDetails - Tests UI &gt; affiche correctement les informations utilisateur" time="0.2394149">
        </testcase>
        <testcase classname="src/tests/test-UI/views/admin/UserDetails.UI.spec.js" name="AdminUserDetails - Tests UI &gt; affiche le bouton de modification" time="0.0467705">
        </testcase>
        <testcase classname="src/tests/test-UI/views/admin/UserDetails.UI.spec.js" name="AdminUserDetails - Tests UI &gt; ouvre la fenetre de reinitialisation du mot de passe" time="0.1041223">
        </testcase>
        <testcase classname="src/tests/test-UI/views/admin/UserDetails.UI.spec.js" name="AdminUserDetails - Tests UI &gt; affiche les details du role etudiant" time="0.0288199">
        </testcase>
    </testsuite>
    <testsuite name="src/tests/test-UI/views/admin/Users.UI.spec.js" timestamp="2026-06-10T07:30:49.946Z" hostname="GhizlaneRB" tests="2" failures="0" errors="0" skipped="0" time="0.2823327">
        <testcase classname="src/tests/test-UI/views/admin/Users.UI.spec.js" name="Users.vue - Tests UI &gt; devrait adapter dynamiquement les colonnes du tableau pour un Étudiant" time="0.1836606">
        </testcase>
        <testcase classname="src/tests/test-UI/views/admin/Users.UI.spec.js" name="Users.vue - Tests UI &gt; devrait ouvrir et fermer le menu action lors du clic" time="0.0929991">
        </testcase>
    </testsuite>
    <testsuite name="src/tests/test-UI/views/admin/validations.UI.spec.js" timestamp="2026-06-10T07:30:49.948Z" hostname="GhizlaneRB" tests="2" failures="0" errors="0" skipped="0" time="0.2643573">
        <testcase classname="src/tests/test-UI/views/admin/validations.UI.spec.js" name="Validations.vue - Tests UI et integration &gt; filtre dynamiquement les validations selon la recherche" time="0.2005228">
        </testcase>
        <testcase classname="src/tests/test-UI/views/admin/validations.UI.spec.js" name="Validations.vue - Tests UI et integration &gt; ouvre la modale de details lors de l&apos;evenement view" time="0.0583786">
        </testcase>
    </testsuite>
    <testsuite name="src/tests/test-UI/components/dashboard/sidebar.UI.spec.js" timestamp="2026-06-10T07:30:49.950Z" hostname="GhizlaneRB" tests="14" failures="0" errors="0" skipped="0" time="0.4582122">
        <testcase classname="src/tests/test-UI/components/dashboard/sidebar.UI.spec.js" name="Sidebar - Tests UI &gt; Bloc utilisateur &gt; affiche l&apos;initiale de l&apos;utilisateur dans l&apos;avatar" time="0.1430872">
        </testcase>
        <testcase classname="src/tests/test-UI/components/dashboard/sidebar.UI.spec.js" name="Sidebar - Tests UI &gt; Bloc utilisateur &gt; affiche le prenom, le nom et le role" time="0.0229978">
        </testcase>
        <testcase classname="src/tests/test-UI/components/dashboard/sidebar.UI.spec.js" name="Sidebar - Tests UI &gt; Navigation &gt; affiche les liens et le dropdown" time="0.0205761">
        </testcase>
        <testcase classname="src/tests/test-UI/components/dashboard/sidebar.UI.spec.js" name="Sidebar - Tests UI &gt; Navigation &gt; rend les liens simples (sans enfants)" time="0.0150353">
        </testcase>
        <testcase classname="src/tests/test-UI/components/dashboard/sidebar.UI.spec.js" name="Sidebar - Tests UI &gt; Navigation &gt; rend le bouton dropdown pour les items avec enfants" time="0.0111871">
        </testcase>
        <testcase classname="src/tests/test-UI/components/dashboard/sidebar.UI.spec.js" name="Sidebar - Tests UI &gt; Navigation &gt; n&apos;affiche pas le sous-menu avant d&apos;ouvrir le dropdown" time="0.0116339">
        </testcase>
        <testcase classname="src/tests/test-UI/components/dashboard/sidebar.UI.spec.js" name="Sidebar - Tests UI &gt; Dropdown &gt; ouvre le sous-menu au clic sur le trigger" time="0.0340914">
        </testcase>
        <testcase classname="src/tests/test-UI/components/dashboard/sidebar.UI.spec.js" name="Sidebar - Tests UI &gt; Dropdown &gt; affiche les liens enfants une fois le sous-menu ouvert" time="0.0187388">
        </testcase>
        <testcase classname="src/tests/test-UI/components/dashboard/sidebar.UI.spec.js" name="Sidebar - Tests UI &gt; Dropdown &gt; ferme le sous-menu au second clic (toggle)" time="0.0261673">
        </testcase>
        <testcase classname="src/tests/test-UI/components/dashboard/sidebar.UI.spec.js" name="Sidebar - Tests UI &gt; Dropdown &gt; change le chevron selon l&apos;état ouvert/fermé" time="0.0282807">
        </testcase>
        <testcase classname="src/tests/test-UI/components/dashboard/sidebar.UI.spec.js" name="Sidebar - Tests UI &gt; Propriete collapsed &gt; gere la classe collapsed et l&apos;evenement toggle-sidebar" time="0.0238579">
        </testcase>
        <testcase classname="src/tests/test-UI/components/dashboard/sidebar.UI.spec.js" name="Sidebar - Tests UI &gt; Deconnexion &gt; appelle logout(), vide la session et redirige vers /login" time="0.071265">
        </testcase>
        <testcase classname="src/tests/test-UI/components/dashboard/sidebar.UI.spec.js" name="Sidebar - Tests UI &gt; Deconnexion &gt; redirige quand logout() rejette" time="0.0144263">
        </testcase>
        <testcase classname="src/tests/test-UI/components/dashboard/sidebar.UI.spec.js" name="Sidebar - Tests UI &gt; Sections par role &gt; n&apos;affiche aucune section si le role est inconnu" time="0.0081601">
        </testcase>
    </testsuite>
    <testsuite name="src/tests/test-UI/components/landing/CtaSection.UI.spec.js" timestamp="2026-06-10T07:30:49.956Z" hostname="GhizlaneRB" tests="1" failures="0" errors="0" skipped="0" time="0.1643451">
        <testcase classname="src/tests/test-UI/components/landing/CtaSection.UI.spec.js" name="CtaSection.vue - Tests UI &amp; Integration Router &gt; redirige vers &apos;/request-access&apos; lors du clic sur le bouton principal" time="0.1591127">
        </testcase>
    </testsuite>
    <testsuite name="src/tests/test-UI/components/landing/DemoSection.UI.spec.js" timestamp="2026-06-10T07:30:49.956Z" hostname="GhizlaneRB" tests="3" failures="0" errors="0" skipped="0" time="0.1938129">
        <testcase classname="src/tests/test-UI/components/landing/DemoSection.UI.spec.js" name="DemoSection - Tests UI &gt; affiche correctement le titre principal de la section" time="0.0905236">
        </testcase>
        <testcase classname="src/tests/test-UI/components/landing/DemoSection.UI.spec.js" name="DemoSection - Tests UI &gt; affiche les trois onglets avec leurs intitules respectifs" time="0.0818124">
        </testcase>
        <testcase classname="src/tests/test-UI/components/landing/DemoSection.UI.spec.js" name="DemoSection - Tests UI &gt; affiche l&apos;image de demonstration avec sa description alternative" time="0.016126">
        </testcase>
    </testsuite>
    <testsuite name="src/tests/test-UI/components/landing/FeaturesSection.UI.spec.js" timestamp="2026-06-10T07:30:49.958Z" hostname="GhizlaneRB" tests="1" failures="0" errors="0" skipped="0" time="0.3356201">
        <testcase classname="src/tests/test-UI/components/landing/FeaturesSection.UI.spec.js" name="Features - Tests UI &gt; structure correctement l&apos;en-tete et la grille de presentation" time="0.3271436">
        </testcase>
    </testsuite>
    <testsuite name="src/tests/test-UI/components/landing/FooterSection.UI.spec.js" timestamp="2026-06-10T07:30:49.958Z" hostname="GhizlaneRB" tests="1" failures="0" errors="0" skipped="0" time="0.1585831">
        <testcase classname="src/tests/test-UI/components/landing/FooterSection.UI.spec.js" name="Footer - Tests UI &gt; structure le rendu visuel et la liste des liens correctement" time="0.1521713">
        </testcase>
    </testsuite>
    <testsuite name="src/tests/test-UI/components/landing/HeroSection.UI.spec.js" timestamp="2026-06-10T07:30:49.959Z" hostname="GhizlaneRB" tests="1" failures="0" errors="0" skipped="0" time="0.2222636">
        <testcase classname="src/tests/test-UI/components/landing/HeroSection.UI.spec.js" name="Hero - Tests UI &gt; affiche correctement tous les blocs visuels de la section principale" time="0.2167796">
        </testcase>
    </testsuite>
    <testsuite name="src/tests/test-UI/components/landing/Navbar.UI.spec.js" timestamp="2026-06-10T07:30:49.960Z" hostname="GhizlaneRB" tests="1" failures="0" errors="0" skipped="0" time="0.1929269">
        <testcase classname="src/tests/test-UI/components/landing/Navbar.UI.spec.js" name="Navbar - Tests UI &gt; affiche correctement l&apos;identite de marque et les options du menu" time="0.1866799">
        </testcase>
    </testsuite>
    <testsuite name="src/tests/test-UI/components/landing/RolesSection.UI.spec.js" timestamp="2026-06-10T07:30:49.961Z" hostname="GhizlaneRB" tests="1" failures="0" errors="0" skipped="0" time="0.2046661">
        <testcase classname="src/tests/test-UI/components/landing/RolesSection.UI.spec.js" name="Roles - Tests UI &gt; structure le rendu visuel de la grille des roles correctement" time="0.1991936">
        </testcase>
    </testsuite>
    <testsuite name="src/tests/test-UI/components/landing/ScoringSection.UI.spec.js" timestamp="2026-06-10T07:30:49.962Z" hostname="GhizlaneRB" tests="2" failures="0" errors="0" skipped="0" time="0.5939223">
        <testcase classname="src/tests/test-UI/components/landing/ScoringSection.UI.spec.js" name="Scoring - Tests UI &gt; structure correctement l&apos;affichage graphique du score et des barres" time="0.5440746">
        </testcase>
        <testcase classname="src/tests/test-UI/components/landing/ScoringSection.UI.spec.js" name="Scoring - Tests UI &gt; affiche la section des distinctions avec les six badges de competences" time="0.044629">
        </testcase>
    </testsuite>
    <testsuite name="src/tests/test-UI/components/landing/WorkflowSection.UI.spec.js" timestamp="2026-06-10T07:30:49.965Z" hostname="GhizlaneRB" tests="1" failures="0" errors="0" skipped="0" time="0.1447363">
        <testcase classname="src/tests/test-UI/components/landing/WorkflowSection.UI.spec.js" name="Workflow - Tests UI &gt; structure le rendu visuel de la section processus correctement" time="0.1387223">
        </testcase>
    </testsuite>
    <testsuite name="src/tests/test-UI/components/notifications/NotificationItem.UI.spec.js" timestamp="2026-06-10T07:30:49.967Z" hostname="GhizlaneRB" tests="5" failures="0" errors="0" skipped="0" time="0.2273883">
        <testcase classname="src/tests/test-UI/components/notifications/NotificationItem.UI.spec.js" name="NotificationItem - Tests UI et Interactions &gt; affiche les textes de la notification correctement" time="0.1614628">
        </testcase>
        <testcase classname="src/tests/test-UI/components/notifications/NotificationItem.UI.spec.js" name="NotificationItem - Tests UI et Interactions &gt; ajoute la classe &apos;unread&apos; et montre le bouton de lecture quand la notification n&apos;est pas lue" time="0.0217182">
        </testcase>
        <testcase classname="src/tests/test-UI/components/notifications/NotificationItem.UI.spec.js" name="NotificationItem - Tests UI et Interactions &gt; retire la classe &apos;unread&apos; et cache le bouton de lecture quand la notification est lue" time="0.0101282">
        </testcase>
        <testcase classname="src/tests/test-UI/components/notifications/NotificationItem.UI.spec.js" name="NotificationItem - Tests UI et Interactions &gt; émet l&apos;événement &apos;read&apos; lors du clic sur le bouton Lu" time="0.0180543">
        </testcase>
        <testcase classname="src/tests/test-UI/components/notifications/NotificationItem.UI.spec.js" name="NotificationItem - Tests UI et Interactions &gt; émet l&apos;événement &apos;delete&apos; lors du clic sur le bouton Supprimer" time="0.0101387">
        </testcase>
    </testsuite>
    <testsuite name="src/tests/test-UI/components/notifications/NotificationList.UI.spec.js" timestamp="2026-06-10T07:30:49.970Z" hostname="GhizlaneRB" tests="2" failures="0" errors="0" skipped="0" time="0.2007367">
        <testcase classname="src/tests/test-UI/components/notifications/NotificationList.UI.spec.js" name="NotificationList - Test UI &gt; emet l&apos;evenement read quand NotificationItem emet read" time="0.1782508">
        </testcase>
        <testcase classname="src/tests/test-UI/components/notifications/NotificationList.UI.spec.js" name="NotificationList - Test UI &gt; emet l&apos;evenement delete avec l&apos;identifiant de notification" time="0.0163793">
        </testcase>
    </testsuite>
    <testsuite name="src/tests/test-UI/components/notifications/NotificationToolbar.UI.spec.js" timestamp="2026-06-10T07:30:49.971Z" hostname="GhizlaneRB" tests="3" failures="0" errors="0" skipped="0" time="0.1759527">
        <testcase classname="src/tests/test-UI/components/notifications/NotificationToolbar.UI.spec.js" name="Toolbar - Tests UI &gt; l&apos;utilisateur peut changer le filtre" time="0.1349775">
        </testcase>
        <testcase classname="src/tests/test-UI/components/notifications/NotificationToolbar.UI.spec.js" name="Toolbar - Tests UI &gt; le bouton est visible avec le bon texte" time="0.0135891">
        </testcase>
        <testcase classname="src/tests/test-UI/components/notifications/NotificationToolbar.UI.spec.js" name="Toolbar - Tests UI &gt; les éléments principaux existent dans l&apos;UI" time="0.0209752">
        </testcase>
    </testsuite>
    <testsuite name="src/tests/test-smoke/components/dashboard/Sidebar.smoke.spec.js" timestamp="2026-06-10T07:30:49.972Z" hostname="GhizlaneRB" tests="5" failures="0" errors="0" skipped="0" time="0.2501145">
        <testcase classname="src/tests/test-smoke/components/dashboard/Sidebar.smoke.spec.js" name="Sidebar - Tests de fumee &gt; se monte sans erreur" time="0.1269739">
        </testcase>
        <testcase classname="src/tests/test-smoke/components/dashboard/Sidebar.smoke.spec.js" name="Sidebar - Tests de fumee &gt; rend un element &lt;aside&gt;" time="0.0314678">
        </testcase>
        <testcase classname="src/tests/test-smoke/components/dashboard/Sidebar.smoke.spec.js" name="Sidebar - Tests de fumee &gt; affiche le bouton de deconnexion" time="0.0264562">
        </testcase>
        <testcase classname="src/tests/test-smoke/components/dashboard/Sidebar.smoke.spec.js" name="Sidebar - Tests de fumee &gt; affiche la navigation" time="0.0347284">
        </testcase>
        <testcase classname="src/tests/test-smoke/components/dashboard/Sidebar.smoke.spec.js" name="Sidebar - Tests de fumee &gt; accepte la propriete collapsed sans planter" time="0.0237978">
        </testcase>
    </testsuite>
    <testsuite name="src/tests/test-smoke/components/dashboard/Topbar.smoke.spec.js" timestamp="2026-06-10T07:30:49.975Z" hostname="GhizlaneRB" tests="11" failures="0" errors="0" skipped="0" time="0.267336">
        <testcase classname="src/tests/test-smoke/components/dashboard/Topbar.smoke.spec.js" name="TopBar - Tests de fumee &gt; se monte sans erreur avec un utilisateur null" time="0.1405642">
        </testcase>
        <testcase classname="src/tests/test-smoke/components/dashboard/Topbar.smoke.spec.js" name="TopBar - Tests de fumee &gt; se monte sans erreur avec un STUDENT" time="0.0139573">
        </testcase>
        <testcase classname="src/tests/test-smoke/components/dashboard/Topbar.smoke.spec.js" name="TopBar - Tests de fumee &gt; se monte sans erreur avec un ADMINISTRATOR" time="0.013993">
        </testcase>
        <testcase classname="src/tests/test-smoke/components/dashboard/Topbar.smoke.spec.js" name="TopBar - Tests de fumee &gt; se monte sans erreur avec un PROFESSOR" time="0.0111879">
        </testcase>
        <testcase classname="src/tests/test-smoke/components/dashboard/Topbar.smoke.spec.js" name="TopBar - Tests de fumee &gt; se monte sans erreur avec un PROFESSIONAL" time="0.0102288">
        </testcase>
        <testcase classname="src/tests/test-smoke/components/dashboard/Topbar.smoke.spec.js" name="TopBar - Tests de fumee &gt; se monte sans erreur avec un role inconnu" time="0.0076888">
        </testcase>
        <testcase classname="src/tests/test-smoke/components/dashboard/Topbar.smoke.spec.js" name="TopBar - Tests de fumee &gt; rend un element &lt;header class=&quot;topbar&quot;&gt;" time="0.0252598">
        </testcase>
        <testcase classname="src/tests/test-smoke/components/dashboard/Topbar.smoke.spec.js" name="TopBar - Tests de fumee &gt; contient la section topbar-left" time="0.0100747">
        </testcase>
        <testcase classname="src/tests/test-smoke/components/dashboard/Topbar.smoke.spec.js" name="TopBar - Tests de fumee &gt; contient la section topbar-right" time="0.0092617">
        </testcase>
        <testcase classname="src/tests/test-smoke/components/dashboard/Topbar.smoke.spec.js" name="TopBar - Tests de fumee &gt; rend le lien de notification" time="0.0098701">
        </testcase>
        <testcase classname="src/tests/test-smoke/components/dashboard/Topbar.smoke.spec.js" name="TopBar - Tests de fumee &gt; rend le lien avatar" time="0.0085643">
        </testcase>
    </testsuite>
    <testsuite name="src/tests/test-smoke/components/notifications/NotificationList.smoke.spec.js" timestamp="2026-06-10T07:30:49.981Z" hostname="GhizlaneRB" tests="1" failures="0" errors="0" skipped="0" time="0.0501587">
        <testcase classname="src/tests/test-smoke/components/notifications/NotificationList.smoke.spec.js" name="NotificationList - Test de fumee &gt; monte le composant avec succes sans planter" time="0.0468893">
        </testcase>
    </testsuite>
    <testsuite name="src/tests/test-smoke/Views/admin/Badges.smoke.spec.js" timestamp="2026-06-10T07:30:49.983Z" hostname="GhizlaneRB" tests="3" failures="0" errors="0" skipped="0" time="0.2506581">
        <testcase classname="src/tests/test-smoke/Views/admin/Badges.smoke.spec.js" name="Badges - Tests de fumee &gt; monte le composant sans erreur" time="0.1972978">
        </testcase>
        <testcase classname="src/tests/test-smoke/Views/admin/Badges.smoke.spec.js" name="Badges - Tests de fumee &gt; affiche le titre principal" time="0.0179904">
        </testcase>
        <testcase classname="src/tests/test-smoke/Views/admin/Badges.smoke.spec.js" name="Badges - Tests de fumee &gt; affiche le bouton Nouveau badge" time="0.0299178">
        </testcase>
    </testsuite>
    <testsuite name="src/tests/test-smoke/Views/admin/Dashboard.smoke.spec.js" timestamp="2026-06-10T07:30:49.984Z" hostname="GhizlaneRB" tests="3" failures="0" errors="0" skipped="0" time="0.3430194">
        <testcase classname="src/tests/test-smoke/Views/admin/Dashboard.smoke.spec.js" name="Dashboard - Tests de fumee &gt; monte le composant sans erreur" time="0.2298205">
            <system-err>
[Vue warn]: injection &quot;Symbol(router)&quot; not found. 
  at &lt;Dashboard ref=&quot;VTU_COMPONENT&quot; &gt; 
  at &lt;VTUROOT&gt;
[Vue warn]: Failed to resolve component: RouterLink
If this is a native custom element, make sure to exclude it from component resolution via compilerOptions.isCustomElement. 
  at &lt;Dashboard ref=&quot;VTU_COMPONENT&quot; &gt; 
  at &lt;VTUROOT&gt;

[Vue warn]: Failed to resolve component: RouterLink
If this is a native custom element, make sure to exclude it from component resolution via compilerOptions.isCustomElement. 
  at &lt;Dashboard ref=&quot;VTU_COMPONENT&quot; &gt; 
  at &lt;VTUROOT&gt;

            </system-err>
        </testcase>
        <testcase classname="src/tests/test-smoke/Views/admin/Dashboard.smoke.spec.js" name="Dashboard - Tests de fumee &gt; affiche la section dashboard" time="0.0759767">
            <system-err>
[Vue warn]: injection &quot;Symbol(router)&quot; not found. 
  at &lt;Dashboard ref=&quot;VTU_COMPONENT&quot; &gt; 
  at &lt;VTUROOT&gt;
[Vue warn]: Failed to resolve component: RouterLink
If this is a native custom element, make sure to exclude it from component resolution via compilerOptions.isCustomElement. 
  at &lt;Dashboard ref=&quot;VTU_COMPONENT&quot; &gt; 
  at &lt;VTUROOT&gt;

[Vue warn]: Failed to resolve component: RouterLink
If this is a native custom element, make sure to exclude it from component resolution via compilerOptions.isCustomElement. 
  at &lt;Dashboard ref=&quot;VTU_COMPONENT&quot; &gt; 
  at &lt;VTUROOT&gt;

            </system-err>
        </testcase>
        <testcase classname="src/tests/test-smoke/Views/admin/Dashboard.smoke.spec.js" name="Dashboard - Tests de fumee &gt; affiche les cartes statistiques" time="0.0299785">
            <system-err>
[Vue warn]: injection &quot;Symbol(router)&quot; not found. 
  at &lt;Dashboard ref=&quot;VTU_COMPONENT&quot; &gt; 
  at &lt;VTUROOT&gt;
[Vue warn]: Failed to resolve component: RouterLink
If this is a native custom element, make sure to exclude it from component resolution via compilerOptions.isCustomElement. 
  at &lt;Dashboard ref=&quot;VTU_COMPONENT&quot; &gt; 
  at &lt;VTUROOT&gt;

[Vue warn]: Failed to resolve component: RouterLink
If this is a native custom element, make sure to exclude it from component resolution via compilerOptions.isCustomElement. 
  at &lt;Dashboard ref=&quot;VTU_COMPONENT&quot; &gt; 
  at &lt;VTUROOT&gt;

            </system-err>
        </testcase>
    </testsuite>
    <testsuite name="src/tests/test-smoke/Views/admin/Reports.smoke.spec.js" timestamp="2026-06-10T07:30:49.987Z" hostname="GhizlaneRB" tests="3" failures="0" errors="0" skipped="0" time="0.2519191">
        <testcase classname="src/tests/test-smoke/Views/admin/Reports.smoke.spec.js" name="Reports - Tests de fumee &gt; monte le composant sans erreur" time="0.1529658">
        </testcase>
        <testcase classname="src/tests/test-smoke/Views/admin/Reports.smoke.spec.js" name="Reports - Tests de fumee &gt; affiche la page des rapports" time="0.0708208">
        </testcase>
        <testcase classname="src/tests/test-smoke/Views/admin/Reports.smoke.spec.js" name="Reports - Tests de fumee &gt; affiche les cartes statistiques" time="0.0225518">
        </testcase>
    </testsuite>
    <testsuite name="src/tests/test-smoke/Views/admin/UserCreate.smoke.spec.js" timestamp="2026-06-10T07:30:49.989Z" hostname="GhizlaneRB" tests="4" failures="0" errors="0" skipped="0" time="0.1865693">
        <testcase classname="src/tests/test-smoke/Views/admin/UserCreate.smoke.spec.js" name="UserCreate - Tests de fumee &gt; monte le composant sans erreur" time="0.1023993">
        </testcase>
        <testcase classname="src/tests/test-smoke/Views/admin/UserCreate.smoke.spec.js" name="UserCreate - Tests de fumee &gt; affiche la page de creation utilisateur" time="0.0406855">
        </testcase>
        <testcase classname="src/tests/test-smoke/Views/admin/UserCreate.smoke.spec.js" name="UserCreate - Tests de fumee &gt; affiche les cartes du formulaire" time="0.0193575">
        </testcase>
        <testcase classname="src/tests/test-smoke/Views/admin/UserCreate.smoke.spec.js" name="UserCreate - Tests de fumee &gt; affiche le bouton retour" time="0.0168042">
        </testcase>
    </testsuite>
    <testsuite name="src/tests/test-smoke/Views/admin/UserDetails.smoke.spec.js" timestamp="2026-06-10T07:30:49.991Z" hostname="GhizlaneRB" tests="1" failures="0" errors="0" skipped="0" time="0.2910014">
        <testcase classname="src/tests/test-smoke/Views/admin/UserDetails.smoke.spec.js" name="AdminUserDetails - Test de fumee &gt; monte le composant sans planter" time="0.2856859">
        </testcase>
    </testsuite>
    <testsuite name="src/tests/test-smoke/Views/admin/Users.smoke.spec.js" timestamp="2026-06-10T07:30:49.992Z" hostname="GhizlaneRB" tests="1" failures="0" errors="0" skipped="0" time="0.1683741">
        <testcase classname="src/tests/test-smoke/Views/admin/Users.smoke.spec.js" name="Users.vue - Test de fumee &gt; devrait monter le composant avec succès et afficher le titre par défaut" time="0.1628806">
        </testcase>
    </testsuite>
    <testsuite name="src/tests/test-smoke/Views/admin/validations.smoke.spec.js" timestamp="2026-06-10T07:30:49.993Z" hostname="GhizlaneRB" tests="1" failures="0" errors="0" skipped="0" time="0.130103">
        <testcase classname="src/tests/test-smoke/Views/admin/validations.smoke.spec.js" name="Validations.vue - Test de fumee &gt; devrait monter le composant de gestion des validations sans planter" time="0.1243489">
        </testcase>
    </testsuite>
    <testsuite name="src/tests/test-unitaire/components/landing/CtaSection.unit.spec.js" timestamp="2026-06-10T07:30:49.994Z" hostname="GhizlaneRB" tests="3" failures="0" errors="0" skipped="0" time="0.1426603">
        <testcase classname="src/tests/test-unitaire/components/landing/CtaSection.unit.spec.js" name="CtaSection.vue - Tests Unitaires &gt; rend correctement le titre et le sous-titre" time="0.111263">
        </testcase>
        <testcase classname="src/tests/test-unitaire/components/landing/CtaSection.unit.spec.js" name="CtaSection.vue - Tests Unitaires &gt; contient un lien de contact par email valide" time="0.0123659">
        </testcase>
        <testcase classname="src/tests/test-unitaire/components/landing/CtaSection.unit.spec.js" name="CtaSection.vue - Tests Unitaires &gt; possede les classes CSS requises pour les animations/styles" time="0.0132951">
        </testcase>
    </testsuite>
    <testsuite name="src/tests/test-unitaire/components/landing/FooterSection.unit.spec.js" timestamp="2026-06-10T07:30:49.996Z" hostname="GhizlaneRB" tests="1" failures="0" errors="0" skipped="0" time="0.1125107">
        <testcase classname="src/tests/test-unitaire/components/landing/FooterSection.unit.spec.js" name="Footer - Tests Unitaires &gt; valide le contenu des textes et les attributs des liens" time="0.1076548">
        </testcase>
    </testsuite>
    <testsuite name="src/tests/test-unitaire/components/landing/HeroSection.unit.spec.js" timestamp="2026-06-10T07:30:49.998Z" hostname="GhizlaneRB" tests="2" failures="0" errors="0" skipped="0" time="0.3104746">
        <testcase classname="src/tests/test-unitaire/components/landing/HeroSection.unit.spec.js" name="Hero - Tests Unitaires &gt; redirige vers la page de connexion lors du clic sur le bouton principal" time="0.2463176">
        </testcase>
        <testcase classname="src/tests/test-unitaire/components/landing/HeroSection.unit.spec.js" name="Hero - Tests Unitaires &gt; contient les bonnes valeurs pour les statistiques et les ancres de navigation" time="0.0590514">
        </testcase>
    </testsuite>
    <testsuite name="src/tests/test-unitaire/components/landing/Navbar.unit.spec.js" timestamp="2026-06-10T07:30:50.000Z" hostname="GhizlaneRB" tests="2" failures="0" errors="0" skipped="0" time="0.2320388">
        <testcase classname="src/tests/test-unitaire/components/landing/Navbar.unit.spec.js" name="Navbar - Tests Unitaires &gt; contient des liens internes valides pour le defilement de la page" time="0.1491786">
        </testcase>
        <testcase classname="src/tests/test-unitaire/components/landing/Navbar.unit.spec.js" name="Navbar - Tests Unitaires &gt; gere correctement les redirections de la plateforme" time="0.0777913">
        </testcase>
    </testsuite>
    <testsuite name="src/tests/test-unitaire/components/landing/WorlflowSection.unit.spec.js" timestamp="2026-06-10T07:30:50.002Z" hostname="GhizlaneRB" tests="2" failures="0" errors="0" skipped="0" time="0.1447343">
        <testcase classname="src/tests/test-unitaire/components/landing/WorlflowSection.unit.spec.js" name="Workflow - Tests Unitaires &gt; valide le contenu textuel et l ordre des 5 etapes du processus" time="0.11816">
        </testcase>
        <testcase classname="src/tests/test-unitaire/components/landing/WorlflowSection.unit.spec.js" name="Workflow - Tests Unitaires &gt; attribue les bons indicateurs d etat aux cercles des etapes" time="0.0213613">
        </testcase>
    </testsuite>
    <testsuite name="src/tests/test-unitaire/components/notifications/NotificationItem.unit.spec.js" timestamp="2026-06-10T07:30:50.003Z" hostname="GhizlaneRB" tests="3" failures="0" errors="0" skipped="0" time="0.2201332">
        <testcase classname="src/tests/test-unitaire/components/notifications/NotificationItem.unit.spec.js" name="NotificationItem - Tests Unitaires (Logique) &gt; gère correctement la configuration des types connus (INFO)" time="0.1806988">
        </testcase>
        <testcase classname="src/tests/test-unitaire/components/notifications/NotificationItem.unit.spec.js" name="NotificationItem - Tests Unitaires (Logique) &gt; gère un type inconnu en affichant sa valeur brute sans planter" time="0.0105183">
        </testcase>
        <testcase classname="src/tests/test-unitaire/components/notifications/NotificationItem.unit.spec.js" name="NotificationItem - Tests Unitaires (Logique) &gt; formate correctement la date au format fr-FR" time="0.0231039">
        </testcase>
    </testsuite>
    <testsuite name="src/tests/test-unitaire/components/notifications/NotificationList.unit.spec.js" timestamp="2026-06-10T07:30:50.006Z" hostname="GhizlaneRB" tests="2" failures="0" errors="0" skipped="0" time="0.0624364">
        <testcase classname="src/tests/test-unitaire/components/notifications/NotificationList.unit.spec.js" name="NotificationList - Test unitaire &gt; affiche un NotificationItem pour chaque notification" time="0.0513083">
        </testcase>
        <testcase classname="src/tests/test-unitaire/components/notifications/NotificationList.unit.spec.js" name="NotificationList - Test unitaire &gt; affiche le message vide quand la liste des notifications est vide" time="0.0073301">
        </testcase>
    </testsuite>
    <testsuite name="src/tests/test-unitaire/components/notifications/NotificationToolbar.unit.spec.js" timestamp="2026-06-10T07:30:50.007Z" hostname="GhizlaneRB" tests="4" failures="0" errors="0" skipped="0" time="0.1475163">
        <testcase classname="src/tests/test-unitaire/components/notifications/NotificationToolbar.unit.spec.js" name="NotificationToolbar.vue &gt; affiche correctement les proprietes" time="0.0972221">
        </testcase>
        <testcase classname="src/tests/test-unitaire/components/notifications/NotificationToolbar.unit.spec.js" name="NotificationToolbar.vue &gt; emet update:selectedType quand le champ de selection change" time="0.0216571">
        </testcase>
        <testcase classname="src/tests/test-unitaire/components/notifications/NotificationToolbar.unit.spec.js" name="NotificationToolbar.vue &gt; emet read-all quand on clique sur le bouton" time="0.0132892">
        </testcase>
        <testcase classname="src/tests/test-unitaire/components/notifications/NotificationToolbar.unit.spec.js" name="NotificationToolbar.vue &gt; affiche toutes les options du champ de selection" time="0.0097245">
        </testcase>
    </testsuite>
    <testsuite name="src/tests/test-unitaire/views/admin/Badges.unit.spec.js" timestamp="2026-06-10T07:30:50.010Z" hostname="GhizlaneRB" tests="3" failures="0" errors="0" skipped="0" time="0.3892989">
        <testcase classname="src/tests/test-unitaire/views/admin/Badges.unit.spec.js" name="Badges - Tests unitaires &gt; ouvre le modal quand on clique sur Nouveau badge" time="0.3222392">
        </testcase>
        <testcase classname="src/tests/test-unitaire/views/admin/Badges.unit.spec.js" name="Badges - Tests unitaires &gt; ferme le modal quand on clique sur Annuler" time="0.0342948">
        </testcase>
        <testcase classname="src/tests/test-unitaire/views/admin/Badges.unit.spec.js" name="Badges - Tests unitaires &gt; affiche une alerte si les champs sont vides" time="0.0272662">
        </testcase>
    </testsuite>
    <testsuite name="src/tests/test-unitaire/views/admin/Dashboard.unit.spec.js" timestamp="2026-06-10T07:30:50.012Z" hostname="GhizlaneRB" tests="3" failures="0" errors="0" skipped="0" time="0.3051032">
        <testcase classname="src/tests/test-unitaire/views/admin/Dashboard.unit.spec.js" name="Dashboard - Tests unitaires &gt; affiche le titre principal" time="0.1931721">
        </testcase>
        <testcase classname="src/tests/test-unitaire/views/admin/Dashboard.unit.spec.js" name="Dashboard - Tests unitaires &gt; affiche les statistiques" time="0.0450879">
        </testcase>
        <testcase classname="src/tests/test-unitaire/views/admin/Dashboard.unit.spec.js" name="Dashboard - Tests unitaires &gt; redirige au clic sur une demande recente" time="0.0611163">
        </testcase>
    </testsuite>
    <testsuite name="src/tests/test-unitaire/views/admin/Reports.unit.spec.js" timestamp="2026-06-10T07:30:50.015Z" hostname="GhizlaneRB" tests="2" failures="0" errors="0" skipped="0" time="0.271953">
        <testcase classname="src/tests/test-unitaire/views/admin/Reports.unit.spec.js" name="Reports - Tests unitaires &gt; affiche le titre principal" time="0.1893991">
        </testcase>
        <testcase classname="src/tests/test-unitaire/views/admin/Reports.unit.spec.js" name="Reports - Tests unitaires &gt; ouvre et ferme les details d&apos;un signalement" time="0.0767931">
        </testcase>
    </testsuite>
    <testsuite name="src/tests/test-unitaire/views/admin/UserCreate.unit.spec.js" timestamp="2026-06-10T07:30:50.017Z" hostname="GhizlaneRB" tests="5" failures="0" errors="0" skipped="0" time="0.2471057">
        <testcase classname="src/tests/test-unitaire/views/admin/UserCreate.unit.spec.js" name="UserCreate - Tests unitaires &gt; affiche le titre de création" time="0.1017547">
        </testcase>
        <testcase classname="src/tests/test-unitaire/views/admin/UserCreate.unit.spec.js" name="UserCreate - Tests unitaires &gt; change le rôle correctement" time="0.0687805">
        </testcase>
        <testcase classname="src/tests/test-unitaire/views/admin/UserCreate.unit.spec.js" name="UserCreate - Tests unitaires &gt; affiche les champs étudiant par défaut" time="0.0164493">
        </testcase>
        <testcase classname="src/tests/test-unitaire/views/admin/UserCreate.unit.spec.js" name="UserCreate - Tests unitaires &gt; affiche les champs professeur quand le rôle change" time="0.0252042">
        </testcase>
        <testcase classname="src/tests/test-unitaire/views/admin/UserCreate.unit.spec.js" name="UserCreate - Tests unitaires &gt; bascule la visibilite du mot de passe" time="0.028799">
        </testcase>
    </testsuite>
    <testsuite name="src/tests/test-unitaire/views/admin/UserDetails.unit.spec.js" timestamp="2026-06-10T07:30:50.022Z" hostname="GhizlaneRB" tests="4" failures="0" errors="0" skipped="0" time="0.3900768">
        <testcase classname="src/tests/test-unitaire/views/admin/UserDetails.unit.spec.js" name="Tests unitaires UserDetails &gt; affiche correctement les informations utilisateur" time="0.2426266">
        </testcase>
        <testcase classname="src/tests/test-unitaire/views/admin/UserDetails.unit.spec.js" name="Tests unitaires UserDetails &gt; charge correctement les données étudiant" time="0.0438276">
        </testcase>
        <testcase classname="src/tests/test-unitaire/views/admin/UserDetails.unit.spec.js" name="Tests unitaires UserDetails &gt; ouvre la fenêtre de réinitialisation du mot de passe" time="0.0450659">
        </testcase>
        <testcase classname="src/tests/test-unitaire/views/admin/UserDetails.unit.spec.js" name="Tests unitaires UserDetails &gt; active le mode édition" time="0.0494892">
        </testcase>
    </testsuite>
[...]
        </testcase>
        <testcase classname="src/tests/test-unitaire/components/student/stages/StageValidationBadge.unit.spec.js" name="ValidationBadge.vue - Tests Unitaires (Logique de configuration) &gt; devrait retourner la configuration par défaut (PENDING) si le statut est inconnu" time="0.0061219">
        </testcase>
    </testsuite>
    <testsuite name="src/tests/test-unitaire/views/student/Portfolio/PortfolioFullView.unit.spec.js" timestamp="2026-06-10T07:30:50.200Z" hostname="GhizlaneRB" tests="3" failures="0" errors="0" skipped="0" time="0.2096633">
        <testcase classname="src/tests/test-unitaire/views/student/Portfolio/PortfolioFullView.unit.spec.js" name="PortfolioFullView - Unit Tests (Logic) &gt; should normalize themes from minimal-recruiter to code-dark" time="0.0929014">
            <system-err>
[Vue warn]: Invalid prop: type check failed for prop &quot;credibilityScore&quot;. Expected Object, got Undefined  
  at &lt;PortfolioHero student= { name: &apos;Ghizlane&apos;, bio: &apos;Engineering Student&apos; } credibility-score=undefined theme=&quot;code-dark&quot; &gt; 
  at &lt;PortfolioFullView ref=&quot;VTU_COMPONENT&quot; &gt; 
  at &lt;VTUROOT&gt;

            </system-err>
        </testcase>
        <testcase classname="src/tests/test-unitaire/views/student/Portfolio/PortfolioFullView.unit.spec.js" name="PortfolioFullView - Unit Tests (Logic) &gt; should filter listed projects strictly based on portfolioConfig" time="0.0214544">
            <system-err>
[Vue warn]: Invalid prop: type check failed for prop &quot;credibilityScore&quot;. Expected Object, got Undefined  
  at &lt;PortfolioHero student= { name: &apos;Ghizlane&apos;, bio: &apos;Engineering Student&apos; } credibility-score=undefined theme=&quot;code-dark&quot; &gt; 
  at &lt;PortfolioFullView ref=&quot;VTU_COMPONENT&quot; &gt; 
  at &lt;VTUROOT&gt;

            </system-err>
        </testcase>
        <testcase classname="src/tests/test-unitaire/views/student/Portfolio/PortfolioFullView.unit.spec.js" name="PortfolioFullView - Unit Tests (Logic) &gt; should format academic years correctly or fallback properly" time="0.0899915">
            <system-err>
[Vue warn]: Invalid prop: type check failed for prop &quot;credibilityScore&quot;. Expected Object, got Undefined  
  at &lt;PortfolioHero student= { name: &apos;Ghizlane&apos;, bio: &apos;Engineering Student&apos; } credibility-score=undefined theme=&quot;code-dark&quot; &gt; 
  at &lt;PortfolioFullView ref=&quot;VTU_COMPONENT&quot; &gt; 
  at &lt;VTUROOT&gt;

            </system-err>
        </testcase>
    </testsuite>
    <testsuite name="src/tests/test-unitaire/views/student/Portfolio/PortfolioPreview.unit.spec.js" timestamp="2026-06-10T07:30:50.202Z" hostname="GhizlaneRB" tests="4" failures="0" errors="0" skipped="0" time="0.3072287">
        <testcase classname="src/tests/test-unitaire/views/student/Portfolio/PortfolioPreview.unit.spec.js" name="PortfolioGenerator - Tests unitaires &gt; sélectionne tous les éléments par défaut si aucun portfolio sauvegardé" time="0.1490976">
        </testcase>
        <testcase classname="src/tests/test-unitaire/views/student/Portfolio/PortfolioPreview.unit.spec.js" name="PortfolioGenerator - Tests unitaires &gt; désélectionne un projet après clic" time="0.0662811">
        </testcase>
        <testcase classname="src/tests/test-unitaire/views/student/Portfolio/PortfolioPreview.unit.spec.js" name="PortfolioGenerator - Tests unitaires &gt; change le thème quand on clique sur une carte thème" time="0.0394871">
        </testcase>
        <testcase classname="src/tests/test-unitaire/views/student/Portfolio/PortfolioPreview.unit.spec.js" name="PortfolioGenerator - Tests unitaires &gt; appelle generateStudentPortfolio avec le payload correct" time="0.0466297">
        </testcase>
    </testsuite>
    <testsuite name="src/tests/test-unitaire/views/student/Projects/ProjectCreate.unit.spec.js" timestamp="2026-06-10T07:30:50.204Z" hostname="GhizlaneRB" tests="9" failures="0" errors="0" skipped="0" time="0.5435443">
        <testcase classname="src/tests/test-unitaire/views/student/Projects/ProjectCreate.unit.spec.js" name="ProjectCreate - Tests unitaires &gt; désactive le bouton soumettre si le formulaire est incomplet" time="0.1706642">
        </testcase>
        <testcase classname="src/tests/test-unitaire/views/student/Projects/ProjectCreate.unit.spec.js" name="ProjectCreate - Tests unitaires &gt; continue l&apos;affichage si le chargement des validateurs échoue" time="0.0239983">
        </testcase>
        <testcase classname="src/tests/test-unitaire/views/student/Projects/ProjectCreate.unit.spec.js" name="ProjectCreate - Tests unitaires &gt; ajoute une technologie" time="0.0406878">
        </testcase>
        <testcase classname="src/tests/test-unitaire/views/student/Projects/ProjectCreate.unit.spec.js" name="ProjectCreate - Tests unitaires &gt; ajoute un lien personnalisé" time="0.0386875">
        </testcase>
        <testcase classname="src/tests/test-unitaire/views/student/Projects/ProjectCreate.unit.spec.js" name="ProjectCreate - Tests unitaires &gt; sélectionne un validateur" time="0.057633">
        </testcase>
        <testcase classname="src/tests/test-unitaire/views/student/Projects/ProjectCreate.unit.spec.js" name="ProjectCreate - Tests unitaires &gt; crée un brouillon et redirige vers la liste des projets" time="0.0293074">
        </testcase>
        <testcase classname="src/tests/test-unitaire/views/student/Projects/ProjectCreate.unit.spec.js" name="ProjectCreate - Tests unitaires &gt; affiche une erreur si la création du brouillon échoue" time="0.0431871">
        </testcase>
        <testcase classname="src/tests/test-unitaire/views/student/Projects/ProjectCreate.unit.spec.js" name="ProjectCreate - Tests unitaires &gt; crée et soumet le projet si formulaire valide" time="0.0663187">
        </testcase>
        <testcase classname="src/tests/test-unitaire/views/student/Projects/ProjectCreate.unit.spec.js" name="ProjectCreate - Tests unitaires &gt; affiche une erreur si la soumission du projet échoue" time="0.0652336">
        </testcase>
    </testsuite>
    <testsuite name="src/tests/test-unitaire/views/student/Projects/ProjectEdit.unitaire.spec.js" timestamp="2026-06-10T07:30:50.209Z" hostname="GhizlaneRB" tests="9" failures="0" errors="0" skipped="0" time="0.6422474">
        <testcase classname="src/tests/test-unitaire/views/student/Projects/ProjectEdit.unitaire.spec.js" name="ProjectEdit Unit Tests &gt; affiche l&apos;état de chargement si le projet ne se charge pas" time="0.1861114">
        </testcase>
        <testcase classname="src/tests/test-unitaire/views/student/Projects/ProjectEdit.unitaire.spec.js" name="ProjectEdit Unit Tests &gt; continue si le chargement des validateurs échoue" time="0.093336">
        </testcase>
        <testcase classname="src/tests/test-unitaire/views/student/Projects/ProjectEdit.unitaire.spec.js" name="ProjectEdit Unit Tests &gt; ajoute une technologie" time="0.0603143">
        </testcase>
        <testcase classname="src/tests/test-unitaire/views/student/Projects/ProjectEdit.unitaire.spec.js" name="ProjectEdit Unit Tests &gt; supprime une technologie" time="0.0377491">
        </testcase>
        <testcase classname="src/tests/test-unitaire/views/student/Projects/ProjectEdit.unitaire.spec.js" name="ProjectEdit Unit Tests &gt; ajoute un lien personnalisé" time="0.0381712">
        </testcase>
        <testcase classname="src/tests/test-unitaire/views/student/Projects/ProjectEdit.unitaire.spec.js" name="ProjectEdit Unit Tests &gt; sauvegarde le projet" time="0.0261833">
        </testcase>
        <testcase classname="src/tests/test-unitaire/views/student/Projects/ProjectEdit.unitaire.spec.js" name="ProjectEdit Unit Tests &gt; affiche une erreur si la sauvegarde échoue" time="0.0548159">
        </testcase>
        <testcase classname="src/tests/test-unitaire/views/student/Projects/ProjectEdit.unitaire.spec.js" name="ProjectEdit Unit Tests &gt; soumet le projet" time="0.0530781">
        </testcase>
        <testcase classname="src/tests/test-unitaire/views/student/Projects/ProjectEdit.unitaire.spec.js" name="ProjectEdit Unit Tests &gt; affiche une erreur si la soumission échoue" time="0.0851483">
        </testcase>
    </testsuite>
    <testsuite name="src/tests/test-unitaire/views/student/Projects/Projects.unit.spec.js" timestamp="2026-06-10T07:30:50.212Z" hostname="GhizlaneRB" tests="5" failures="0" errors="0" skipped="0" time="0.5750208">
        <testcase classname="src/tests/test-unitaire/views/student/Projects/Projects.unit.spec.js" name="StudentProjects - Tests unitaires &gt; affiche les projets récupérés depuis l&apos;API" time="0.2198026">
        </testcase>
        <testcase classname="src/tests/test-unitaire/views/student/Projects/Projects.unit.spec.js" name="StudentProjects - Tests unitaires &gt; filtre les projets par recherche" time="0.1436068">
        </testcase>
        <testcase classname="src/tests/test-unitaire/views/student/Projects/Projects.unit.spec.js" name="StudentProjects - Tests unitaires &gt; filtre les projets par type" time="0.0847783">
        </testcase>
        <testcase classname="src/tests/test-unitaire/views/student/Projects/Projects.unit.spec.js" name="StudentProjects - Tests unitaires &gt; filtre les projets par statut" time="0.0322596">
        </testcase>
        <testcase classname="src/tests/test-unitaire/views/student/Projects/Projects.unit.spec.js" name="StudentProjects - Tests unitaires &gt; soumet un projet brouillon valide" time="0.0876415">
        </testcase>
    </testsuite>
    <testsuite name="src/tests/test-unitaire/views/student/Projects/ProjectsDetails.unit.spec.js" timestamp="2026-06-10T07:30:50.214Z" hostname="GhizlaneRB" tests="10" failures="0" errors="0" skipped="0" time="0.5669807">
        <testcase classname="src/tests/test-unitaire/views/student/Projects/ProjectsDetails.unit.spec.js" name="ProjectDetailsView - Unit &gt; affiche le bon message pour un projet brouillon" time="0.2810075">
        </testcase>
        <testcase classname="src/tests/test-unitaire/views/student/Projects/ProjectsDetails.unit.spec.js" name="ProjectDetailsView - Unit &gt; ne rend pas les détails si le chargement du projet échoue" time="0.039898">
        </testcase>
        <testcase classname="src/tests/test-unitaire/views/student/Projects/ProjectsDetails.unit.spec.js" name="ProjectDetailsView - Unit &gt; affiche le bon message pour un projet validé" time="0.0210705">
        </testcase>
        <testcase classname="src/tests/test-unitaire/views/student/Projects/ProjectsDetails.unit.spec.js" name="ProjectDetailsView - Unit &gt; affiche le bon message pour corrections demandées" time="0.0198155">
        </testcase>
        <testcase classname="src/tests/test-unitaire/views/student/Projects/ProjectsDetails.unit.spec.js" name="ProjectDetailsView - Unit &gt; trie l&apos;historique de validation du plus récent au plus ancien" time="0.0191853">
        </testcase>
        <testcase classname="src/tests/test-unitaire/views/student/Projects/ProjectsDetails.unit.spec.js" name="ProjectDetailsView - Unit &gt; affiche un message si l&apos;historique est vide" time="0.016071">
        </testcase>
        <testcase classname="src/tests/test-unitaire/views/student/Projects/ProjectsDetails.unit.spec.js" name="ProjectDetailsView - Unit &gt; affiche la date formatée" time="0.0162981">
        </testcase>
        <testcase classname="src/tests/test-unitaire/views/student/Projects/ProjectsDetails.unit.spec.js" name="ProjectDetailsView - Unit &gt; supprime le projet si l&apos;utilisateur confirme" time="0.0906874">
        </testcase>
        <testcase classname="src/tests/test-unitaire/views/student/Projects/ProjectsDetails.unit.spec.js" name="ProjectDetailsView - Unit &gt; ne supprime pas le projet si l&apos;utilisateur annule" time="0.0206157">
        </testcase>
        <testcase classname="src/tests/test-unitaire/views/student/Projects/ProjectsDetails.unit.spec.js" name="ProjectDetailsView - Unit &gt; ne redirige pas si la suppression du projet échoue" time="0.0340579">
        </testcase>
    </testsuite>
    <testsuite name="src/tests/test-unitaire/views/student/stages/StageDetailsView.unit.spec.js" timestamp="2026-06-10T07:30:50.218Z" hostname="GhizlaneRB" tests="8" failures="0" errors="0" skipped="0" time="0.2787446">
        <testcase classname="src/tests/test-unitaire/views/student/stages/StageDetailsView.unit.spec.js" name="StageDetailsView - Unit &gt; normalise CORRECTION_REQUIRED vers CHANGES_REQUESTED" time="0.1216134">
        </testcase>
        <testcase classname="src/tests/test-unitaire/views/student/stages/StageDetailsView.unit.spec.js" name="StageDetailsView - Unit &gt; affiche le statut Validé par l&apos;encadrant si APPROVED" time="0.02728">
        </testcase>
        <testcase classname="src/tests/test-unitaire/views/student/stages/StageDetailsView.unit.spec.js" name="StageDetailsView - Unit &gt; affiche Brouillon si le statut est DRAFT" time="0.0175884">
        </testcase>
        <testcase classname="src/tests/test-unitaire/views/student/stages/StageDetailsView.unit.spec.js" name="StageDetailsView - Unit &gt; affiche les dates au format yyyy-mm-dd" time="0.0141225">
        </testcase>
        <testcase classname="src/tests/test-unitaire/views/student/stages/StageDetailsView.unit.spec.js" name="StageDetailsView - Unit &gt; affiche la visibilité privée" time="0.0158826">
        </testcase>
        <testcase classname="src/tests/test-unitaire/views/student/stages/StageDetailsView.unit.spec.js" name="StageDetailsView - Unit &gt; navigue vers la liste des stages au clic sur Retour" time="0.0477824">
        </testcase>
        <testcase classname="src/tests/test-unitaire/views/student/stages/StageDetailsView.unit.spec.js" name="StageDetailsView - Unit &gt; navigue vers la page modification au clic sur Modifier" time="0.0159153">
        </testcase>
        <testcase classname="src/tests/test-unitaire/views/student/stages/StageDetailsView.unit.spec.js" name="StageDetailsView - Unit &gt; affiche l&apos;historique de validation" time="0.0120034">
        </testcase>
    </testsuite>
    <testsuite name="src/tests/test-unitaire/views/student/stages/StageFormView.unit.spec.js" timestamp="2026-06-10T07:30:50.220Z" hostname="GhizlaneRB" tests="13" failures="0" errors="0" skipped="0" time="0.8474189">
        <testcase classname="src/tests/test-unitaire/views/student/stages/StageFormView.unit.spec.js" name="StageFormPage - Unit &gt; charge les validateurs au montage" time="0.1406271">
        </testcase>
        <testcase classname="src/tests/test-unitaire/views/student/stages/StageFormView.unit.spec.js" name="StageFormPage - Unit &gt; continue l&apos;affichage si le chargement des validateurs échoue" time="0.0352005">
        </testcase>
        <testcase classname="src/tests/test-unitaire/views/student/stages/StageFormView.unit.spec.js" name="StageFormPage - Unit &gt; capture l&apos;erreur si le chargement du stage échoue en mode édition" time="0.097799">
        </testcase>
        <testcase classname="src/tests/test-unitaire/views/student/stages/StageFormView.unit.spec.js" name="StageFormPage - Unit &gt; crée un stage brouillon en mode création" time="0.1234472">
        </testcase>
        <testcase classname="src/tests/test-unitaire/views/student/stages/StageFormView.unit.spec.js" name="StageFormPage - Unit &gt; ne redirige pas si la création du stage échoue" time="0.0237793">
        </testcase>
        <testcase classname="src/tests/test-unitaire/views/student/stages/StageFormView.unit.spec.js" name="StageFormPage - Unit &gt; modifie un stage brouillon en mode édition" time="0.0496527">
        </testcase>
        <testcase classname="src/tests/test-unitaire/views/student/stages/StageFormView.unit.spec.js" name="StageFormPage - Unit &gt; ne redirige pas si la modification du stage échoue" time="0.0362132">
        </testcase>
        <testcase classname="src/tests/test-unitaire/views/student/stages/StageFormView.unit.spec.js" name="StageFormPage - Unit &gt; crée puis soumet un stage à la validation" time="0.0602047">
        </testcase>
        <testcase classname="src/tests/test-unitaire/views/student/stages/StageFormView.unit.spec.js" name="StageFormPage - Unit &gt; ne soumet pas si l&apos;upload du rapport échoue" time="0.0428085">
        </testcase>
        <testcase classname="src/tests/test-unitaire/views/student/stages/StageFormView.unit.spec.js" name="StageFormPage - Unit &gt; modifie puis soumet un stage à la validation en mode édition" time="0.0662741">
        </testcase>
        <testcase classname="src/tests/test-unitaire/views/student/stages/StageFormView.unit.spec.js" name="StageFormPage - Unit &gt; supprime une image après confirmation" time="0.0900207">
        </testcase>
        <testcase classname="src/tests/test-unitaire/views/student/stages/StageFormView.unit.spec.js" name="StageFormPage - Unit &gt; ne supprime pas l&apos;image si l&apos;utilisateur annule" time="0.0480158">
        </testcase>
        <testcase classname="src/tests/test-unitaire/views/student/stages/StageFormView.unit.spec.js" name="StageFormPage - Unit &gt; capture l&apos;erreur si la suppression d&apos;image échoue" time="0.0253685">
        </testcase>
    </testsuite>
    <testsuite name="src/tests/test-unitaire/views/student/stages/StagesView.unit.spec.js" timestamp="2026-06-10T07:30:50.225Z" hostname="GhizlaneRB" tests="11" failures="0" errors="0" skipped="0" time="0.8014727">
        <testcase classname="src/tests/test-unitaire/views/student/stages/StagesView.unit.spec.js" name="StudentStages - Unit &gt; filtre les stages par recherche" time="0.4038479">
        </testcase>
        <testcase classname="src/tests/test-unitaire/views/student/stages/StagesView.unit.spec.js" name="StudentStages - Unit &gt; affiche un état vide si aucun stage n&apos;est retourné" time="0.0507421">
        </testcase>
        <testcase classname="src/tests/test-unitaire/views/student/stages/StagesView.unit.spec.js" name="StudentStages - Unit &gt; capture l&apos;erreur si le chargement des stages échoue" time="0.0367373">
        </testcase>
        <testcase classname="src/tests/test-unitaire/views/student/stages/StagesView.unit.spec.js" name="StudentStages - Unit &gt; filtre les stages par statut" time="0.0363134">
        </testcase>
        <testcase classname="src/tests/test-unitaire/views/student/stages/StagesView.unit.spec.js" name="StudentStages - Unit &gt; filtre les stages par visibilité" time="0.0272739">
        </testcase>
        <testcase classname="src/tests/test-unitaire/views/student/stages/StagesView.unit.spec.js" name="StudentStages - Unit &gt; normalise CORRECTION_REQUIRED vers CHANGES_REQUESTED" time="0.0436448">
        </testcase>
        <testcase classname="src/tests/test-unitaire/views/student/stages/StagesView.unit.spec.js" name="StudentStages - Unit &gt; supprime un stage après confirmation" time="0.0646766">
        </testcase>
        <testcase classname="src/tests/test-unitaire/views/student/stages/StagesView.unit.spec.js" name="StudentStages - Unit &gt; ne supprime pas si l&apos;utilisateur annule" time="0.034007">
        </testcase>
        <testcase classname="src/tests/test-unitaire/views/student/stages/StagesView.unit.spec.js" name="StudentStages - Unit &gt; capture l&apos;erreur si la suppression du stage échoue" time="0.0437961">
        </testcase>
        <testcase classname="src/tests/test-unitaire/views/student/stages/StagesView.unit.spec.js" name="StudentStages - Unit &gt; soumet un stage à la validation" time="0.0273929">
        </testcase>
        <testcase classname="src/tests/test-unitaire/views/student/stages/StagesView.unit.spec.js" name="StudentStages - Unit &gt; capture l&apos;erreur si la soumission du stage échoue" time="0.0257179">
        </testcase>
    </testsuite>
</testsuites>
