<?xml version="1.0" encoding="UTF-8"?>
<coverage generated="1777730258163" clover="3.2.0">
  <project timestamp="1777730258164" name="All files">
    <metrics statements="27" coveredstatements="27" conditionals="12" coveredconditionals="9" methods="6" coveredmethods="6" elements="45" coveredelements="42" complexity="0" loc="27" ncloc="27" packages="2" files="3" classes="3"/>
    <package name="logs">
      <metrics statements="5" coveredstatements="5" conditionals="4" coveredconditionals="2" methods="1" coveredmethods="1"/>
      <file name="logger.js" path="C:\Users\najim\PROJET-INTEGRATION\backend\src\logs\logger.js">
        <metrics statements="5" coveredstatements="5" conditionals="4" coveredconditionals="2" methods="1" coveredmethods="1"/>
        <line num="3" count="1" type="stmt"/>
        <line num="4" count="1" type="stmt"/>
        <line num="6" count="1" type="stmt"/>
        <line num="19" count="1" type="stmt"/>
        <line num="37" count="1" type="stmt"/>
      </file>
    </package>
    <package name="middlewares">
      <metrics statements="22" coveredstatements="22" conditionals="8" coveredconditionals="7" methods="5" coveredmethods="5"/>
      <file name="checkRoles.js" path="C:\Users\najim\PROJET-INTEGRATION\backend\src\middlewares\checkRoles.js">
        <metrics statements="11" coveredstatements="11" conditionals="4" coveredconditionals="4" methods="2" coveredmethods="2"/>
        <line num="3" count="1" type="stmt"/>
        <line num="6" count="1" type="stmt"/>
        <line num="7" count="3" type="stmt"/>
        <line num="9" count="3" type="cond" truecount="2" falsecount="0"/>
        <line num="10" count="1" type="stmt"/>
        <line num="16" count="2" type="stmt"/>
        <line num="19" count="2" type="cond" truecount="2" falsecount="0"/>
        <line num="21" count="1" type="stmt"/>
        <line num="31" count="1" type="stmt"/>
        <line num="37" count="1" type="stmt"/>
        <line num="41" count="1" type="stmt"/>
      </file>
      <file name="validationRules.js" path="C:\Users\najim\PROJET-INTEGRATION\backend\src\middlewares\validationRules.js">
        <metrics statements="11" coveredstatements="11" conditionals="4" coveredconditionals="3" methods="3" coveredmethods="3"/>
        <line num="3" count="1" type="stmt"/>
        <line num="5" count="1" type="stmt"/>
        <line num="90" count="1" type="stmt"/>
        <line num="91" count="3" type="cond" truecount="1" falsecount="1"/>
        <line num="96" count="1" type="stmt"/>
        <line num="97" count="3" type="stmt"/>
        <line num="99" count="3" type="cond" truecount="2" falsecount="0"/>
        <line num="100" count="2" type="stmt"/>
        <line num="103" count="10" type="stmt"/>
        <line num="110" count="1" type="stmt"/>
        <line num="113" count="1" type="stmt"/>
      </file>
    </package>
  </project>
</coverage>
