{"C:\\Users\\najim\\PROJET-INTEGRATION\\backend\\src\\logs\\logger.js": {"path":"C:\\Users\\najim\\PROJET-INTEGRATION\\backend\\src\\logs\\logger.js","statementMap":{"0":{"start":{"line":3,"column":45},"end":{"line":3,"column":63}},"1":{"start":{"line":4,"column":13},"end":{"line":4,"column":28}},"2":{"start":{"line":6,"column":15},"end":{"line":35,"column":2}},"3":{"start":{"line":19,"column":10},"end":{"line":21,"column":13}},"4":{"start":{"line":37,"column":0},"end":{"line":37,"column":24}}},"fnMap":{"0":{"name":"(anonymous_0)","decl":{"start":{"line":18,"column":22},"end":{"line":18,"column":23}},"loc":{"start":{"line":18,"column":66},"end":{"line":22,"column":9}},"line":18}},"branchMap":{"0":{"loc":{"start":{"line":7,"column":9},"end":{"line":7,"column":65}},"type":"cond-expr","locations":[{"start":{"line":7,"column":49},"end":{"line":7,"column":55}},{"start":{"line":7,"column":58},"end":{"line":7,"column":65}}],"line":7},"1":{"loc":{"start":{"line":20,"column":12},"end":{"line":20,"column":64}},"type":"cond-expr","locations":[{"start":{"line":20,"column":39},"end":{"line":20,"column":59}},{"start":{"line":20,"column":62},"end":{"line":20,"column":64}}],"line":20}},"s":{"0":1,"1":1,"2":1,"3":1,"4":1},"f":{"0":1},"b":{"0":[0,1],"1":[1,0]},"_coverageSchema":"1a1c01bbd47fc00a2c39e90264f33305004495a9","hash":"18e3550ab34356db8df20557c12167b7a5bb805e"}
,"C:\\Users\\najim\\PROJET-INTEGRATION\\backend\\src\\middlewares\\checkRoles.js": {"path":"C:\\Users\\najim\\PROJET-INTEGRATION\\backend\\src\\middlewares\\checkRoles.js","statementMap":{"0":{"start":{"line":3,"column":15},"end":{"line":3,"column":40}},"1":{"start":{"line":6,"column":19},"end":{"line":39,"column":1}},"2":{"start":{"line":7,"column":2},"end":{"line":38,"column":4}},"3":{"start":{"line":9,"column":4},"end":{"line":14,"column":5}},"4":{"start":{"line":10,"column":6},"end":{"line":13,"column":9}},"5":{"start":{"line":16,"column":28},"end":{"line":16,"column":56}},"6":{"start":{"line":19,"column":4},"end":{"line":35,"column":5}},"7":{"start":{"line":21,"column":6},"end":{"line":29,"column":9}},"8":{"start":{"line":31,"column":6},"end":{"line":34,"column":9}},"9":{"start":{"line":37,"column":4},"end":{"line":37,"column":11}},"10":{"start":{"line":41,"column":0},"end":{"line":41,"column":28}}},"fnMap":{"0":{"name":"(anonymous_0)","decl":{"start":{"line":6,"column":19},"end":{"line":6,"column":20}},"loc":{"start":{"line":6,"column":42},"end":{"line":39,"column":1}},"line":6},"1":{"name":"(anonymous_1)","decl":{"start":{"line":7,"column":9},"end":{"line":7,"column":10}},"loc":{"start":{"line":7,"column":29},"end":{"line":38,"column":3}},"line":7}},"branchMap":{"0":{"loc":{"start":{"line":9,"column":4},"end":{"line":14,"column":5}},"type":"if","locations":[{"start":{"line":9,"column":4},"end":{"line":14,"column":5}},{"start":{},"end":{}}],"line":9},"1":{"loc":{"start":{"line":19,"column":4},"end":{"line":35,"column":5}},"type":"if","locations":[{"start":{"line":19,"column":4},"end":{"line":35,"column":5}},{"start":{},"end":{}}],"line":19}},"s":{"0":1,"1":1,"2":3,"3":3,"4":1,"5":2,"6":2,"7":1,"8":1,"9":1,"10":1},"f":{"0":3,"1":3},"b":{"0":[1,2],"1":[1,1]},"_coverageSchema":"1a1c01bbd47fc00a2c39e90264f33305004495a9","hash":"cbabb17f662274d05f1a6974b06da7d9aea4d35a"}
,"C:\\Users\\najim\\PROJET-INTEGRATION\\backend\\src\\middlewares\\validationRules.js": {"path":"C:\\Users\\najim\\PROJET-INTEGRATION\\backend\\src\\middlewares\\validationRules.js","statementMap":{"0":{"start":{"line":3,"column":35},"end":{"line":3,"column":63}},"1":{"start":{"line":5,"column":14},"end":{"line":87,"column":1}},"2":{"start":{"line":90,"column":24},"end":{"line":92,"column":1}},"3":{"start":{"line":91,"column":2},"end":{"line":91,"column":27}},"4":{"start":{"line":96,"column":31},"end":{"line":111,"column":1}},"5":{"start":{"line":97,"column":17},"end":{"line":97,"column":38}},"6":{"start":{"line":99,"column":2},"end":{"line":108,"column":3}},"7":{"start":{"line":100,"column":4},"end":{"line":107,"column":7}},"8":{"start":{"line":103,"column":43},"end":{"line":106,"column":7}},"9":{"start":{"line":110,"column":2},"end":{"line":110,"column":9}},"10":{"start":{"line":113,"column":0},"end":{"line":113,"column":61}}},"fnMap":{"0":{"name":"(anonymous_0)","decl":{"start":{"line":90,"column":24},"end":{"line":90,"column":25}},"loc":{"start":{"line":90,"column":34},"end":{"line":92,"column":1}},"line":90},"1":{"name":"(anonymous_1)","decl":{"start":{"line":96,"column":31},"end":{"line":96,"column":32}},"loc":{"start":{"line":96,"column":51},"end":{"line":111,"column":1}},"line":96},"2":{"name":"(anonymous_2)","decl":{"start":{"line":103,"column":33},"end":{"line":103,"column":34}},"loc":{"start":{"line":103,"column":43},"end":{"line":106,"column":7}},"line":103}},"branchMap":{"0":{"loc":{"start":{"line":91,"column":9},"end":{"line":91,"column":26}},"type":"binary-expr","locations":[{"start":{"line":91,"column":9},"end":{"line":91,"column":20}},{"start":{"line":91,"column":24},"end":{"line":91,"column":26}}],"line":91},"1":{"loc":{"start":{"line":99,"column":2},"end":{"line":108,"column":3}},"type":"if","locations":[{"start":{"line":99,"column":2},"end":{"line":108,"column":3}},{"start":{},"end":{}}],"line":99}},"s":{"0":1,"1":1,"2":1,"3":3,"4":1,"5":3,"6":3,"7":2,"8":10,"9":1,"10":1},"f":{"0":3,"1":3,"2":10},"b":{"0":[3,0],"1":[2,1]},"_coverageSchema":"1a1c01bbd47fc00a2c39e90264f33305004495a9","hash":"418fbcacc4e993533e2d6a3f5cc35cbbd2b29719"}
}
