TN:
SF:src\logs\logger.js
FN:18,(anonymous_0)
FNF:1
FNH:1
FNDA:1,(anonymous_0)
DA:3,1
DA:4,1
DA:6,1
DA:19,1
DA:37,1
LF:5
LH:5
BRDA:7,0,0,0
BRDA:7,0,1,1
BRDA:20,1,0,1
BRDA:20,1,1,0
BRF:4
BRH:2
end_of_record
TN:
SF:src\middlewares\checkRoles.js
FN:6,(anonymous_0)
FN:7,(anonymous_1)
FNF:2
FNH:2
FNDA:3,(anonymous_0)
FNDA:3,(anonymous_1)
DA:3,1
DA:6,1
DA:7,3
DA:9,3
DA:10,1
DA:16,2
DA:19,2
DA:21,1
DA:31,1
DA:37,1
DA:41,1
LF:11
LH:11
BRDA:9,0,0,1
BRDA:9,0,1,2
BRDA:19,1,0,1
BRDA:19,1,1,1
BRF:4
BRH:4
end_of_record
TN:
SF:src\middlewares\validationRules.js
FN:90,(anonymous_0)
FN:96,(anonymous_1)
FN:103,(anonymous_2)
FNF:3
FNH:3
FNDA:3,(anonymous_0)
FNDA:3,(anonymous_1)
FNDA:10,(anonymous_2)
DA:3,1
DA:5,1
DA:90,1
DA:91,3
DA:96,1
DA:97,3
DA:99,3
DA:100,2
DA:103,10
DA:110,1
DA:113,1
LF:11
LH:11
BRDA:91,0,0,3
BRDA:91,0,1,0
BRDA:99,1,0,2
BRDA:99,1,1,1
BRF:4
BRH:3
end_of_record
